{"D:\\Dicoding Academy\\AWS\\EXPERT\\forum-api-backend\\src\\Applications\\security\\AuthenticationTokenManager.js": {"path":"D:\\Dicoding Academy\\AWS\\EXPERT\\forum-api-backend\\src\\Applications\\security\\AuthenticationTokenManager.js","statementMap":{"0":{"start":{"line":4,"column":4},"end":{"line":4,"column":75}},"1":{"start":{"line":8,"column":4},"end":{"line":8,"column":75}},"2":{"start":{"line":12,"column":4},"end":{"line":12,"column":75}},"3":{"start":{"line":16,"column":4},"end":{"line":16,"column":75}},"4":{"start":{"line":20,"column":0},"end":{"line":20,"column":44}}},"fnMap":{"0":{"name":"(anonymous_0)","decl":{"start":{"line":3,"column":2},"end":{"line":3,"column":3}},"loc":{"start":{"line":3,"column":36},"end":{"line":5,"column":3}},"line":3},"1":{"name":"(anonymous_1)","decl":{"start":{"line":7,"column":2},"end":{"line":7,"column":3}},"loc":{"start":{"line":7,"column":35},"end":{"line":9,"column":3}},"line":7},"2":{"name":"(anonymous_2)","decl":{"start":{"line":11,"column":2},"end":{"line":11,"column":3}},"loc":{"start":{"line":11,"column":34},"end":{"line":13,"column":3}},"line":11},"3":{"name":"(anonymous_3)","decl":{"start":{"line":15,"column":2},"end":{"line":15,"column":3}},"loc":{"start":{"line":15,"column":24},"end":{"line":17,"column":3}},"line":15}},"branchMap":{},"s":{"0":1,"1":1,"2":1,"3":1,"4":10},"f":{"0":1,"1":1,"2":1,"3":1},"b":{},"_coverageSchema":"1a1c01bbd47fc00a2c39e90264f33305004495a9","hash":"f223f390459de473ef36b02672790a51ac4888f6"}
,"D:\\Dicoding Academy\\AWS\\EXPERT\\forum-api-backend\\src\\Applications\\security\\PasswordHash.js": {"path":"D:\\Dicoding Academy\\AWS\\EXPERT\\forum-api-backend\\src\\Applications\\security\\PasswordHash.js","statementMap":{"0":{"start":{"line":4,"column":4},"end":{"line":4,"column":60}},"1":{"start":{"line":8,"column":4},"end":{"line":8,"column":60}},"2":{"start":{"line":12,"column":0},"end":{"line":12,"column":30}}},"fnMap":{"0":{"name":"(anonymous_0)","decl":{"start":{"line":3,"column":2},"end":{"line":3,"column":3}},"loc":{"start":{"line":3,"column":23},"end":{"line":5,"column":3}},"line":3},"1":{"name":"(anonymous_1)","decl":{"start":{"line":7,"column":2},"end":{"line":7,"column":3}},"loc":{"start":{"line":7,"column":42},"end":{"line":9,"column":3}},"line":7}},"branchMap":{},"s":{"0":1,"1":1,"2":10},"f":{"0":1,"1":1},"b":{},"_coverageSchema":"1a1c01bbd47fc00a2c39e90264f33305004495a9","hash":"bbe67a8ae102c72bc1fe2a4250d3a04bf1e02f56"}
,"D:\\Dicoding Academy\\AWS\\EXPERT\\forum-api-backend\\src\\Applications\\use_case\\AddUserUseCase.js": {"path":"D:\\Dicoding Academy\\AWS\\EXPERT\\forum-api-backend\\src\\Applications\\use_case\\AddUserUseCase.js","statementMap":{"0":{"start":{"line":1,"column":21},"end":{"line":1,"column":73}},"1":{"start":{"line":5,"column":4},"end":{"line":5,"column":42}},"2":{"start":{"line":6,"column":4},"end":{"line":6,"column":38}},"3":{"start":{"line":10,"column":25},"end":{"line":10,"column":57}},"4":{"start":{"line":11,"column":4},"end":{"line":11,"column":78}},"5":{"start":{"line":12,"column":4},"end":{"line":12,"column":81}},"6":{"start":{"line":13,"column":4},"end":{"line":13,"column":54}},"7":{"start":{"line":17,"column":0},"end":{"line":17,"column":32}}},"fnMap":{"0":{"name":"(anonymous_0)","decl":{"start":{"line":4,"column":2},"end":{"line":4,"column":3}},"loc":{"start":{"line":4,"column":48},"end":{"line":7,"column":3}},"line":4},"1":{"name":"(anonymous_1)","decl":{"start":{"line":9,"column":2},"end":{"line":9,"column":3}},"loc":{"start":{"line":9,"column":32},"end":{"line":14,"column":3}},"line":9}},"branchMap":{},"s":{"0":8,"1":7,"2":7,"3":19,"4":15,"5":14,"6":14,"7":8},"f":{"0":7,"1":19},"b":{},"_coverageSchema":"1a1c01bbd47fc00a2c39e90264f33305004495a9","hash":"39f3dcd9005d4d13e28e1dacb599c05ab98e9666"}
,"D:\\Dicoding Academy\\AWS\\EXPERT\\forum-api-backend\\src\\Applications\\use_case\\CommentUseCase.js": {"path":"D:\\Dicoding Academy\\AWS\\EXPERT\\forum-api-backend\\src\\Applications\\use_case\\CommentUseCase.js","statementMap":{"0":{"start":{"line":1,"column":19},"end":{"line":1,"column":72}},"1":{"start":{"line":5,"column":4},"end":{"line":5,"column":48}},"2":{"start":{"line":6,"column":4},"end":{"line":6,"column":46}},"3":{"start":{"line":10,"column":4},"end":{"line":12,"column":5}},"4":{"start":{"line":11,"column":6},"end":{"line":11,"column":75}},"5":{"start":{"line":14,"column":4},"end":{"line":16,"column":5}},"6":{"start":{"line":15,"column":6},"end":{"line":15,"column":89}},"7":{"start":{"line":18,"column":4},"end":{"line":18,"column":68}},"8":{"start":{"line":19,"column":23},"end":{"line":19,"column":53}},"9":{"start":{"line":21,"column":4},"end":{"line":21,"column":77}},"10":{"start":{"line":25,"column":4},"end":{"line":27,"column":5}},"11":{"start":{"line":26,"column":6},"end":{"line":26,"column":78}},"12":{"start":{"line":29,"column":4},"end":{"line":31,"column":5}},"13":{"start":{"line":30,"column":6},"end":{"line":30,"column":92}},"14":{"start":{"line":33,"column":4},"end":{"line":33,"column":71}},"15":{"start":{"line":34,"column":4},"end":{"line":34,"column":72}},"16":{"start":{"line":35,"column":4},"end":{"line":35,"column":64}},"17":{"start":{"line":39,"column":0},"end":{"line":39,"column":32}}},"fnMap":{"0":{"name":"(anonymous_0)","decl":{"start":{"line":4,"column":2},"end":{"line":4,"column":3}},"loc":{"start":{"line":4,"column":55},"end":{"line":7,"column":3}},"line":4},"1":{"name":"(anonymous_1)","decl":{"start":{"line":9,"column":2},"end":{"line":9,"column":3}},"loc":{"start":{"line":9,"column":54},"end":{"line":22,"column":3}},"line":9},"2":{"name":"(anonymous_2)","decl":{"start":{"line":24,"column":2},"end":{"line":24,"column":3}},"loc":{"start":{"line":24,"column":41},"end":{"line":36,"column":3}},"line":24}},"branchMap":{"0":{"loc":{"start":{"line":10,"column":4},"end":{"line":12,"column":5}},"type":"if","locations":[{"start":{"line":10,"column":4},"end":{"line":12,"column":5}},{"start":{},"end":{}}],"line":10},"1":{"loc":{"start":{"line":10,"column":8},"end":{"line":10,"column":29}},"type":"binary-expr","locations":[{"start":{"line":10,"column":8},"end":{"line":10,"column":16}},{"start":{"line":10,"column":20},"end":{"line":10,"column":29}}],"line":10},"2":{"loc":{"start":{"line":14,"column":4},"end":{"line":16,"column":5}},"type":"if","locations":[{"start":{"line":14,"column":4},"end":{"line":16,"column":5}},{"start":{},"end":{}}],"line":14},"3":{"loc":{"start":{"line":14,"column":8},"end":{"line":14,"column":67}},"type":"binary-expr","locations":[{"start":{"line":14,"column":8},"end":{"line":14,"column":35}},{"start":{"line":14,"column":39},"end":{"line":14,"column":67}}],"line":14},"4":{"loc":{"start":{"line":25,"column":4},"end":{"line":27,"column":5}},"type":"if","locations":[{"start":{"line":25,"column":4},"end":{"line":27,"column":5}},{"start":{},"end":{}}],"line":25},"5":{"loc":{"start":{"line":29,"column":4},"end":{"line":31,"column":5}},"type":"if","locations":[{"start":{"line":29,"column":4},"end":{"line":31,"column":5}},{"start":{},"end":{}}],"line":29}},"s":{"0":8,"1":7,"2":7,"3":7,"4":1,"5":6,"6":1,"7":5,"8":5,"9":3,"10":6,"11":1,"12":5,"13":1,"14":4,"15":3,"16":2,"17":8},"f":{"0":7,"1":7,"2":6},"b":{"0":[1,6],"1":[7,6],"2":[1,5],"3":[6,5],"4":[1,5],"5":[1,4]},"_coverageSchema":"1a1c01bbd47fc00a2c39e90264f33305004495a9","hash":"19556842b78a7bd4e95ef3489059b9bfc28f9867"}
,"D:\\Dicoding Academy\\AWS\\EXPERT\\forum-api-backend\\src\\Applications\\use_case\\DeleteAuthenticationUseCase.js": {"path":"D:\\Dicoding Academy\\AWS\\EXPERT\\forum-api-backend\\src\\Applications\\use_case\\DeleteAuthenticationUseCase.js","statementMap":{"0":{"start":{"line":5,"column":4},"end":{"line":5,"column":62}},"1":{"start":{"line":9,"column":4},"end":{"line":9,"column":42}},"2":{"start":{"line":10,"column":29},"end":{"line":10,"column":43}},"3":{"start":{"line":11,"column":4},"end":{"line":11,"column":78}},"4":{"start":{"line":12,"column":4},"end":{"line":12,"column":67}},"5":{"start":{"line":16,"column":29},"end":{"line":16,"column":36}},"6":{"start":{"line":17,"column":4},"end":{"line":19,"column":5}},"7":{"start":{"line":18,"column":6},"end":{"line":18,"column":82}},"8":{"start":{"line":21,"column":4},"end":{"line":23,"column":5}},"9":{"start":{"line":22,"column":6},"end":{"line":22,"column":97}},"10":{"start":{"line":27,"column":0},"end":{"line":27,"column":45}}},"fnMap":{"0":{"name":"(anonymous_0)","decl":{"start":{"line":2,"column":2},"end":{"line":2,"column":3}},"loc":{"start":{"line":4,"column":5},"end":{"line":6,"column":3}},"line":4},"1":{"name":"(anonymous_1)","decl":{"start":{"line":8,"column":2},"end":{"line":8,"column":3}},"loc":{"start":{"line":8,"column":32},"end":{"line":13,"column":3}},"line":8},"2":{"name":"(anonymous_2)","decl":{"start":{"line":15,"column":2},"end":{"line":15,"column":3}},"loc":{"start":{"line":15,"column":28},"end":{"line":24,"column":3}},"line":15}},"branchMap":{"0":{"loc":{"start":{"line":17,"column":4},"end":{"line":19,"column":5}},"type":"if","locations":[{"start":{"line":17,"column":4},"end":{"line":19,"column":5}},{"start":{},"end":{}}],"line":17},"1":{"loc":{"start":{"line":21,"column":4},"end":{"line":23,"column":5}},"type":"if","locations":[{"start":{"line":21,"column":4},"end":{"line":23,"column":5}},{"start":{},"end":{}}],"line":21}},"s":{"0":3,"1":3,"2":1,"3":1,"4":1,"5":3,"6":3,"7":1,"8":2,"9":1,"10":1},"f":{"0":3,"1":3,"2":3},"b":{"0":[1,2],"1":[1,1]},"_coverageSchema":"1a1c01bbd47fc00a2c39e90264f33305004495a9","hash":"d122692851e6de23ec7f4db38b0243aecb58643d"}
,"D:\\Dicoding Academy\\AWS\\EXPERT\\forum-api-backend\\src\\Applications\\use_case\\LikeUseCase.js": {"path":"D:\\Dicoding Academy\\AWS\\EXPERT\\forum-api-backend\\src\\Applications\\use_case\\LikeUseCase.js","statementMap":{"0":{"start":{"line":3,"column":4},"end":{"line":3,"column":42}},"1":{"start":{"line":4,"column":4},"end":{"line":4,"column":46}},"2":{"start":{"line":5,"column":4},"end":{"line":5,"column":48}},"3":{"start":{"line":9,"column":4},"end":{"line":9,"column":68}},"4":{"start":{"line":10,"column":4},"end":{"line":10,"column":71}},"5":{"start":{"line":11,"column":20},"end":{"line":11,"column":89}},"6":{"start":{"line":13,"column":4},"end":{"line":15,"column":5}},"7":{"start":{"line":14,"column":6},"end":{"line":14,"column":65}},"8":{"start":{"line":17,"column":4},"end":{"line":17,"column":60}},"9":{"start":{"line":21,"column":0},"end":{"line":21,"column":29}}},"fnMap":{"0":{"name":"(anonymous_0)","decl":{"start":{"line":2,"column":2},"end":{"line":2,"column":3}},"loc":{"start":{"line":2,"column":71},"end":{"line":6,"column":3}},"line":2},"1":{"name":"(anonymous_1)","decl":{"start":{"line":8,"column":2},"end":{"line":8,"column":3}},"loc":{"start":{"line":8,"column":46},"end":{"line":18,"column":3}},"line":8}},"branchMap":{"0":{"loc":{"start":{"line":13,"column":4},"end":{"line":15,"column":5}},"type":"if","locations":[{"start":{"line":13,"column":4},"end":{"line":15,"column":5}},{"start":{},"end":{}}],"line":13}},"s":{"0":3,"1":3,"2":3,"3":3,"4":3,"5":3,"6":3,"7":1,"8":2,"9":8},"f":{"0":3,"1":3},"b":{"0":[1,2]},"_coverageSchema":"1a1c01bbd47fc00a2c39e90264f33305004495a9","hash":"db5a6b3490e38e5a371d6ca50c1244d9a8014161"}
,"D:\\Dicoding Academy\\AWS\\EXPERT\\forum-api-backend\\src\\Applications\\use_case\\LoginUserUseCase.js": {"path":"D:\\Dicoding Academy\\AWS\\EXPERT\\forum-api-backend\\src\\Applications\\use_case\\LoginUserUseCase.js","statementMap":{"0":{"start":{"line":1,"column":18},"end":{"line":1,"column":67}},"1":{"start":{"line":2,"column":26},"end":{"line":2,"column":83}},"2":{"start":{"line":11,"column":4},"end":{"line":11,"column":42}},"3":{"start":{"line":12,"column":4},"end":{"line":12,"column":62}},"4":{"start":{"line":13,"column":4},"end":{"line":13,"column":66}},"5":{"start":{"line":14,"column":4},"end":{"line":14,"column":38}},"6":{"start":{"line":18,"column":35},"end":{"line":18,"column":64}},"7":{"start":{"line":20,"column":30},"end":{"line":20,"column":88}},"8":{"start":{"line":22,"column":4},"end":{"line":22,"column":74}},"9":{"start":{"line":24,"column":15},"end":{"line":24,"column":67}},"10":{"start":{"line":26,"column":24},"end":{"line":27,"column":42}},"11":{"start":{"line":28,"column":25},"end":{"line":29,"column":43}},"12":{"start":{"line":31,"column":30},"end":{"line":34,"column":6}},"13":{"start":{"line":36,"column":4},"end":{"line":36,"column":82}},"14":{"start":{"line":38,"column":4},"end":{"line":38,"column":29}},"15":{"start":{"line":42,"column":0},"end":{"line":42,"column":34}}},"fnMap":{"0":{"name":"(anonymous_0)","decl":{"start":{"line":5,"column":2},"end":{"line":5,"column":3}},"loc":{"start":{"line":10,"column":5},"end":{"line":15,"column":3}},"line":10},"1":{"name":"(anonymous_1)","decl":{"start":{"line":17,"column":2},"end":{"line":17,"column":3}},"loc":{"start":{"line":17,"column":32},"end":{"line":39,"column":3}},"line":17}},"branchMap":{},"s":{"0":8,"1":8,"2":6,"3":6,"4":6,"5":6,"6":16,"7":14,"8":13,"9":12,"10":12,"11":12,"12":12,"13":12,"14":12,"15":8},"f":{"0":6,"1":16},"b":{},"_coverageSchema":"1a1c01bbd47fc00a2c39e90264f33305004495a9","hash":"615452846de634c3278c088552e1a3f597e491f3"}
,"D:\\Dicoding Academy\\AWS\\EXPERT\\forum-api-backend\\src\\Applications\\use_case\\LogoutUserUseCase.js": {"path":"D:\\Dicoding Academy\\AWS\\EXPERT\\forum-api-backend\\src\\Applications\\use_case\\LogoutUserUseCase.js","statementMap":{"0":{"start":{"line":5,"column":4},"end":{"line":5,"column":62}},"1":{"start":{"line":9,"column":4},"end":{"line":9,"column":42}},"2":{"start":{"line":10,"column":29},"end":{"line":10,"column":43}},"3":{"start":{"line":11,"column":4},"end":{"line":11,"column":78}},"4":{"start":{"line":12,"column":4},"end":{"line":12,"column":67}},"5":{"start":{"line":16,"column":29},"end":{"line":16,"column":36}},"6":{"start":{"line":17,"column":4},"end":{"line":19,"column":5}},"7":{"start":{"line":18,"column":6},"end":{"line":18,"column":82}},"8":{"start":{"line":21,"column":4},"end":{"line":23,"column":5}},"9":{"start":{"line":22,"column":6},"end":{"line":22,"column":97}},"10":{"start":{"line":27,"column":0},"end":{"line":27,"column":35}}},"fnMap":{"0":{"name":"(anonymous_0)","decl":{"start":{"line":2,"column":2},"end":{"line":2,"column":3}},"loc":{"start":{"line":4,"column":5},"end":{"line":6,"column":3}},"line":4},"1":{"name":"(anonymous_1)","decl":{"start":{"line":8,"column":2},"end":{"line":8,"column":3}},"loc":{"start":{"line":8,"column":32},"end":{"line":13,"column":3}},"line":8},"2":{"name":"(anonymous_2)","decl":{"start":{"line":15,"column":2},"end":{"line":15,"column":3}},"loc":{"start":{"line":15,"column":28},"end":{"line":24,"column":3}},"line":15}},"branchMap":{"0":{"loc":{"start":{"line":17,"column":4},"end":{"line":19,"column":5}},"type":"if","locations":[{"start":{"line":17,"column":4},"end":{"line":19,"column":5}},{"start":{},"end":{}}],"line":17},"1":{"loc":{"start":{"line":21,"column":4},"end":{"line":23,"column":5}},"type":"if","locations":[{"start":{"line":21,"column":4},"end":{"line":23,"column":5}},{"start":{},"end":{}}],"line":21}},"s":{"0":4,"1":7,"2":3,"3":3,"4":2,"5":7,"6":7,"7":2,"8":5,"9":2,"10":8},"f":{"0":4,"1":7,"2":7},"b":{"0":[2,5],"1":[2,3]},"_coverageSchema":"1a1c01bbd47fc00a2c39e90264f33305004495a9","hash":"2426b7810dfc592bf60d89212b87d1764ca9a0f8"}
,"D:\\Dicoding Academy\\AWS\\EXPERT\\forum-api-backend\\src\\Applications\\use_case\\RefreshAuthenticationUseCase.js": {"path":"D:\\Dicoding Academy\\AWS\\EXPERT\\forum-api-backend\\src\\Applications\\use_case\\RefreshAuthenticationUseCase.js","statementMap":{"0":{"start":{"line":6,"column":4},"end":{"line":6,"column":62}},"1":{"start":{"line":7,"column":4},"end":{"line":7,"column":66}},"2":{"start":{"line":11,"column":4},"end":{"line":11,"column":40}},"3":{"start":{"line":12,"column":29},"end":{"line":12,"column":43}},"4":{"start":{"line":14,"column":4},"end":{"line":14,"column":76}},"5":{"start":{"line":15,"column":4},"end":{"line":15,"column":78}},"6":{"start":{"line":17,"column":29},"end":{"line":17,"column":95}},"7":{"start":{"line":19,"column":4},"end":{"line":19,"column":80}},"8":{"start":{"line":23,"column":29},"end":{"line":23,"column":36}},"9":{"start":{"line":25,"column":4},"end":{"line":27,"column":5}},"10":{"start":{"line":26,"column":6},"end":{"line":26,"column":83}},"11":{"start":{"line":29,"column":4},"end":{"line":31,"column":5}},"12":{"start":{"line":30,"column":6},"end":{"line":30,"column":98}},"13":{"start":{"line":35,"column":0},"end":{"line":35,"column":46}}},"fnMap":{"0":{"name":"(anonymous_0)","decl":{"start":{"line":2,"column":2},"end":{"line":2,"column":3}},"loc":{"start":{"line":5,"column":5},"end":{"line":8,"column":3}},"line":5},"1":{"name":"(anonymous_1)","decl":{"start":{"line":10,"column":2},"end":{"line":10,"column":3}},"loc":{"start":{"line":10,"column":32},"end":{"line":20,"column":3}},"line":10},"2":{"name":"(anonymous_2)","decl":{"start":{"line":22,"column":2},"end":{"line":22,"column":3}},"loc":{"start":{"line":22,"column":26},"end":{"line":32,"column":3}},"line":22}},"branchMap":{"0":{"loc":{"start":{"line":25,"column":4},"end":{"line":27,"column":5}},"type":"if","locations":[{"start":{"line":25,"column":4},"end":{"line":27,"column":5}},{"start":{},"end":{}}],"line":25},"1":{"loc":{"start":{"line":29,"column":4},"end":{"line":31,"column":5}},"type":"if","locations":[{"start":{"line":29,"column":4},"end":{"line":31,"column":5}},{"start":{},"end":{}}],"line":29}},"s":{"0":4,"1":4,"2":8,"3":4,"4":4,"5":3,"6":2,"7":2,"8":8,"9":8,"10":2,"11":6,"12":2,"13":8},"f":{"0":4,"1":8,"2":8},"b":{"0":[2,6],"1":[2,4]},"_coverageSchema":"1a1c01bbd47fc00a2c39e90264f33305004495a9","hash":"2ecd186fd3b57b2049831426f5e995c477b104ea"}
,"D:\\Dicoding Academy\\AWS\\EXPERT\\forum-api-backend\\src\\Applications\\use_case\\ReplyUseCase.js": {"path":"D:\\Dicoding Academy\\AWS\\EXPERT\\forum-api-backend\\src\\Applications\\use_case\\ReplyUseCase.js","statementMap":{"0":{"start":{"line":1,"column":17},"end":{"line":1,"column":67}},"1":{"start":{"line":5,"column":4},"end":{"line":5,"column":44}},"2":{"start":{"line":6,"column":4},"end":{"line":6,"column":46}},"3":{"start":{"line":7,"column":4},"end":{"line":7,"column":48}},"4":{"start":{"line":11,"column":4},"end":{"line":13,"column":5}},"5":{"start":{"line":12,"column":6},"end":{"line":12,"column":73}},"6":{"start":{"line":15,"column":4},"end":{"line":17,"column":5}},"7":{"start":{"line":16,"column":6},"end":{"line":16,"column":87}},"8":{"start":{"line":19,"column":4},"end":{"line":19,"column":68}},"9":{"start":{"line":20,"column":4},"end":{"line":20,"column":71}},"10":{"start":{"line":21,"column":21},"end":{"line":21,"column":49}},"11":{"start":{"line":23,"column":4},"end":{"line":23,"column":72}},"12":{"start":{"line":27,"column":4},"end":{"line":29,"column":5}},"13":{"start":{"line":28,"column":6},"end":{"line":28,"column":76}},"14":{"start":{"line":31,"column":4},"end":{"line":33,"column":5}},"15":{"start":{"line":32,"column":6},"end":{"line":32,"column":90}},"16":{"start":{"line":35,"column":4},"end":{"line":35,"column":65}},"17":{"start":{"line":36,"column":4},"end":{"line":36,"column":66}},"18":{"start":{"line":37,"column":4},"end":{"line":37,"column":58}},"19":{"start":{"line":41,"column":0},"end":{"line":41,"column":30}}},"fnMap":{"0":{"name":"(anonymous_0)","decl":{"start":{"line":4,"column":2},"end":{"line":4,"column":3}},"loc":{"start":{"line":4,"column":72},"end":{"line":8,"column":3}},"line":4},"1":{"name":"(anonymous_1)","decl":{"start":{"line":10,"column":2},"end":{"line":10,"column":3}},"loc":{"start":{"line":10,"column":63},"end":{"line":24,"column":3}},"line":10},"2":{"name":"(anonymous_2)","decl":{"start":{"line":26,"column":2},"end":{"line":26,"column":3}},"loc":{"start":{"line":26,"column":37},"end":{"line":38,"column":3}},"line":26}},"branchMap":{"0":{"loc":{"start":{"line":11,"column":4},"end":{"line":13,"column":5}},"type":"if","locations":[{"start":{"line":11,"column":4},"end":{"line":13,"column":5}},{"start":{},"end":{}}],"line":11},"1":{"loc":{"start":{"line":11,"column":8},"end":{"line":11,"column":30}},"type":"binary-expr","locations":[{"start":{"line":11,"column":8},"end":{"line":11,"column":16}},{"start":{"line":11,"column":20},"end":{"line":11,"column":30}}],"line":11},"2":{"loc":{"start":{"line":15,"column":4},"end":{"line":17,"column":5}},"type":"if","locations":[{"start":{"line":15,"column":4},"end":{"line":17,"column":5}},{"start":{},"end":{}}],"line":15},"3":{"loc":{"start":{"line":15,"column":8},"end":{"line":15,"column":68}},"type":"binary-expr","locations":[{"start":{"line":15,"column":8},"end":{"line":15,"column":35}},{"start":{"line":15,"column":39},"end":{"line":15,"column":68}}],"line":15},"4":{"loc":{"start":{"line":27,"column":4},"end":{"line":29,"column":5}},"type":"if","locations":[{"start":{"line":27,"column":4},"end":{"line":29,"column":5}},{"start":{},"end":{}}],"line":27},"5":{"loc":{"start":{"line":31,"column":4},"end":{"line":33,"column":5}},"type":"if","locations":[{"start":{"line":31,"column":4},"end":{"line":33,"column":5}},{"start":{},"end":{}}],"line":31}},"s":{"0":8,"1":7,"2":7,"3":7,"4":7,"5":1,"6":6,"7":1,"8":5,"9":5,"10":5,"11":3,"12":6,"13":1,"14":5,"15":1,"16":4,"17":3,"18":2,"19":8},"f":{"0":7,"1":7,"2":6},"b":{"0":[1,6],"1":[7,6],"2":[1,5],"3":[6,5],"4":[1,5],"5":[1,4]},"_coverageSchema":"1a1c01bbd47fc00a2c39e90264f33305004495a9","hash":"b0a426959516926c20dce022f91be3377e28c91a"}
,"D:\\Dicoding Academy\\AWS\\EXPERT\\forum-api-backend\\src\\Applications\\use_case\\ThreadUseCase.js": {"path":"D:\\Dicoding Academy\\AWS\\EXPERT\\forum-api-backend\\src\\Applications\\use_case\\ThreadUseCase.js","statementMap":{"0":{"start":{"line":1,"column":18},"end":{"line":1,"column":69}},"1":{"start":{"line":2,"column":22},"end":{"line":2,"column":78}},"2":{"start":{"line":3,"column":20},"end":{"line":3,"column":73}},"3":{"start":{"line":4,"column":21},"end":{"line":4,"column":75}},"4":{"start":{"line":13,"column":4},"end":{"line":13,"column":46}},"5":{"start":{"line":14,"column":4},"end":{"line":14,"column":48}},"6":{"start":{"line":15,"column":4},"end":{"line":15,"column":44}},"7":{"start":{"line":16,"column":4},"end":{"line":16,"column":42}},"8":{"start":{"line":20,"column":4},"end":{"line":22,"column":5}},"9":{"start":{"line":21,"column":6},"end":{"line":21,"column":74}},"10":{"start":{"line":24,"column":4},"end":{"line":26,"column":5}},"11":{"start":{"line":25,"column":6},"end":{"line":25,"column":88}},"12":{"start":{"line":28,"column":22},"end":{"line":28,"column":51}},"13":{"start":{"line":30,"column":4},"end":{"line":30,"column":70}},"14":{"start":{"line":34,"column":4},"end":{"line":36,"column":5}},"15":{"start":{"line":35,"column":6},"end":{"line":35,"column":74}},"16":{"start":{"line":38,"column":4},"end":{"line":40,"column":5}},"17":{"start":{"line":39,"column":6},"end":{"line":39,"column":88}},"18":{"start":{"line":42,"column":4},"end":{"line":42,"column":68}},"19":{"start":{"line":43,"column":25},"end":{"line":43,"column":77}},"20":{"start":{"line":44,"column":21},"end":{"line":44,"column":82}},"21":{"start":{"line":46,"column":23},"end":{"line":46,"column":60}},"22":{"start":{"line":46,"column":49},"end":{"line":46,"column":59}},"23":{"start":{"line":47,"column":20},"end":{"line":47,"column":82}},"24":{"start":{"line":48,"column":18},"end":{"line":48,"column":77}},"25":{"start":{"line":50,"column":27},"end":{"line":62,"column":5}},"26":{"start":{"line":51,"column":6},"end":{"line":61,"column":8}},"27":{"start":{"line":54,"column":43},"end":{"line":54,"column":73}},"28":{"start":{"line":55,"column":10},"end":{"line":58,"column":13}},"29":{"start":{"line":60,"column":42},"end":{"line":60,"column":71}},"30":{"start":{"line":64,"column":4},"end":{"line":67,"column":7}},"31":{"start":{"line":71,"column":0},"end":{"line":71,"column":31}}},"fnMap":{"0":{"name":"(anonymous_0)","decl":{"start":{"line":7,"column":2},"end":{"line":7,"column":3}},"loc":{"start":{"line":12,"column":5},"end":{"line":17,"column":3}},"line":12},"1":{"name":"(anonymous_1)","decl":{"start":{"line":19,"column":2},"end":{"line":19,"column":3}},"loc":{"start":{"line":19,"column":43},"end":{"line":31,"column":3}},"line":19},"2":{"name":"(anonymous_2)","decl":{"start":{"line":33,"column":2},"end":{"line":33,"column":3}},"loc":{"start":{"line":33,"column":28},"end":{"line":68,"column":3}},"line":33},"3":{"name":"(anonymous_3)","decl":{"start":{"line":46,"column":36},"end":{"line":46,"column":37}},"loc":{"start":{"line":46,"column":49},"end":{"line":46,"column":59}},"line":46},"4":{"name":"(anonymous_4)","decl":{"start":{"line":50,"column":40},"end":{"line":50,"column":41}},"loc":{"start":{"line":51,"column":6},"end":{"line":61,"column":8}},"line":51},"5":{"name":"(anonymous_5)","decl":{"start":{"line":54,"column":32},"end":{"line":54,"column":33}},"loc":{"start":{"line":54,"column":43},"end":{"line":54,"column":73}},"line":54},"6":{"name":"(anonymous_6)","decl":{"start":{"line":54,"column":79},"end":{"line":54,"column":80}},"loc":{"start":{"line":54,"column":90},"end":{"line":59,"column":9}},"line":54},"7":{"name":"(anonymous_7)","decl":{"start":{"line":60,"column":32},"end":{"line":60,"column":33}},"loc":{"start":{"line":60,"column":42},"end":{"line":60,"column":71}},"line":60}},"branchMap":{"0":{"loc":{"start":{"line":20,"column":4},"end":{"line":22,"column":5}},"type":"if","locations":[{"start":{"line":20,"column":4},"end":{"line":22,"column":5}},{"start":{},"end":{}}],"line":20},"1":{"loc":{"start":{"line":24,"column":4},"end":{"line":26,"column":5}},"type":"if","locations":[{"start":{"line":24,"column":4},"end":{"line":26,"column":5}},{"start":{},"end":{}}],"line":24},"2":{"loc":{"start":{"line":34,"column":4},"end":{"line":36,"column":5}},"type":"if","locations":[{"start":{"line":34,"column":4},"end":{"line":36,"column":5}},{"start":{},"end":{}}],"line":34},"3":{"loc":{"start":{"line":38,"column":4},"end":{"line":40,"column":5}},"type":"if","locations":[{"start":{"line":38,"column":4},"end":{"line":40,"column":5}},{"start":{},"end":{}}],"line":38},"4":{"loc":{"start":{"line":53,"column":17},"end":{"line":53,"column":83}},"type":"cond-expr","locations":[{"start":{"line":53,"column":37},"end":{"line":53,"column":65}},{"start":{"line":53,"column":68},"end":{"line":53,"column":83}}],"line":53},"5":{"loc":{"start":{"line":57,"column":21},"end":{"line":57,"column":82}},"type":"cond-expr","locations":[{"start":{"line":57,"column":39},"end":{"line":57,"column":66}},{"start":{"line":57,"column":69},"end":{"line":57,"column":82}}],"line":57}},"s":{"0":8,"1":8,"2":8,"3":8,"4":7,"5":7,"6":7,"7":7,"8":7,"9":1,"10":6,"11":1,"12":5,"13":3,"14":4,"15":1,"16":3,"17":1,"18":2,"19":2,"20":2,"21":2,"22":2,"23":2,"24":2,"25":2,"26":2,"27":6,"28":3,"29":6,"30":2,"31":8},"f":{"0":7,"1":7,"2":4,"3":2,"4":2,"5":6,"6":3,"7":6},"b":{"0":[1,6],"1":[1,5],"2":[1,3],"3":[1,2],"4":[1,1],"5":[2,1]},"_coverageSchema":"1a1c01bbd47fc00a2c39e90264f33305004495a9","hash":"74482ed173dab6ff1d4ae755e3922d9c827e469c"}
,"D:\\Dicoding Academy\\AWS\\EXPERT\\forum-api-backend\\src\\Commons\\config.js": {"path":"D:\\Dicoding Academy\\AWS\\EXPERT\\forum-api-backend\\src\\Commons\\config.js","statementMap":{"0":{"start":{"line":1,"column":15},"end":{"line":7,"column":1}},"1":{"start":{"line":9,"column":0},"end":{"line":9,"column":24}}},"fnMap":{},"branchMap":{},"s":{"0":7,"1":7},"f":{},"b":{},"_coverageSchema":"1a1c01bbd47fc00a2c39e90264f33305004495a9","hash":"15a67aa2a9d5121e4601469dac4607e6d08fefe2"}
,"D:\\Dicoding Academy\\AWS\\EXPERT\\forum-api-backend\\src\\Commons\\exceptions\\AuthenticationError.js": {"path":"D:\\Dicoding Academy\\AWS\\EXPERT\\forum-api-backend\\src\\Commons\\exceptions\\AuthenticationError.js","statementMap":{"0":{"start":{"line":1,"column":20},"end":{"line":1,"column":44}},"1":{"start":{"line":5,"column":4},"end":{"line":5,"column":24}},"2":{"start":{"line":6,"column":4},"end":{"line":6,"column":38}},"3":{"start":{"line":10,"column":0},"end":{"line":10,"column":37}}},"fnMap":{"0":{"name":"(anonymous_0)","decl":{"start":{"line":4,"column":2},"end":{"line":4,"column":3}},"loc":{"start":{"line":4,"column":23},"end":{"line":7,"column":3}},"line":4}},"branchMap":{},"s":{"0":10,"1":12,"2":12,"3":10},"f":{"0":12},"b":{},"_coverageSchema":"1a1c01bbd47fc00a2c39e90264f33305004495a9","hash":"a0b06bd8a9d06ced9df34e8b4d7e129d2db49054"}
,"D:\\Dicoding Academy\\AWS\\EXPERT\\forum-api-backend\\src\\Commons\\exceptions\\AuthorizationError.js": {"path":"D:\\Dicoding Academy\\AWS\\EXPERT\\forum-api-backend\\src\\Commons\\exceptions\\AuthorizationError.js","statementMap":{"0":{"start":{"line":1,"column":20},"end":{"line":1,"column":44}},"1":{"start":{"line":5,"column":4},"end":{"line":5,"column":24}},"2":{"start":{"line":6,"column":4},"end":{"line":6,"column":37}},"3":{"start":{"line":10,"column":0},"end":{"line":10,"column":36}}},"fnMap":{"0":{"name":"(anonymous_0)","decl":{"start":{"line":4,"column":2},"end":{"line":4,"column":3}},"loc":{"start":{"line":4,"column":23},"end":{"line":7,"column":3}},"line":4}},"branchMap":{},"s":{"0":9,"1":5,"2":5,"3":9},"f":{"0":5},"b":{},"_coverageSchema":"1a1c01bbd47fc00a2c39e90264f33305004495a9","hash":"4daaa0ef03854e13ef1efd556be08a40673f5214"}
,"D:\\Dicoding Academy\\AWS\\EXPERT\\forum-api-backend\\src\\Commons\\exceptions\\ClientError.js": {"path":"D:\\Dicoding Academy\\AWS\\EXPERT\\forum-api-backend\\src\\Commons\\exceptions\\ClientError.js","statementMap":{"0":{"start":{"line":3,"column":4},"end":{"line":3,"column":19}},"1":{"start":{"line":5,"column":4},"end":{"line":7,"column":5}},"2":{"start":{"line":6,"column":6},"end":{"line":6,"column":59}},"3":{"start":{"line":9,"column":4},"end":{"line":9,"column":33}},"4":{"start":{"line":10,"column":4},"end":{"line":10,"column":30}},"5":{"start":{"line":14,"column":0},"end":{"line":14,"column":29}}},"fnMap":{"0":{"name":"(anonymous_0)","decl":{"start":{"line":2,"column":2},"end":{"line":2,"column":3}},"loc":{"start":{"line":2,"column":41},"end":{"line":11,"column":3}},"line":2}},"branchMap":{"0":{"loc":{"start":{"line":2,"column":23},"end":{"line":2,"column":39}},"type":"default-arg","locations":[{"start":{"line":2,"column":36},"end":{"line":2,"column":39}}],"line":2},"1":{"loc":{"start":{"line":5,"column":4},"end":{"line":7,"column":5}},"type":"if","locations":[{"start":{"line":5,"column":4},"end":{"line":7,"column":5}},{"start":{},"end":{}}],"line":5}},"s":{"0":169,"1":169,"2":1,"3":168,"4":168,"5":20},"f":{"0":169},"b":{"0":[146],"1":[1,168]},"_coverageSchema":"1a1c01bbd47fc00a2c39e90264f33305004495a9","hash":"606a266c7a0a9a1f00d80984ad4b1c2bb87bb9d4"}
,"D:\\Dicoding Academy\\AWS\\EXPERT\\forum-api-backend\\src\\Commons\\exceptions\\DomainErrorTranslator.js": {"path":"D:\\Dicoding Academy\\AWS\\EXPERT\\forum-api-backend\\src\\Commons\\exceptions\\DomainErrorTranslator.js","statementMap":{"0":{"start":{"line":1,"column":23},"end":{"line":1,"column":50}},"1":{"start":{"line":2,"column":28},"end":{"line":2,"column":60}},"2":{"start":{"line":4,"column":30},"end":{"line":8,"column":1}},"3":{"start":{"line":6,"column":4},"end":{"line":6,"column":70}},"4":{"start":{"line":10,"column":0},"end":{"line":28,"column":2}},"5":{"start":{"line":30,"column":0},"end":{"line":30,"column":39}}},"fnMap":{"0":{"name":"(anonymous_0)","decl":{"start":{"line":5,"column":2},"end":{"line":5,"column":3}},"loc":{"start":{"line":5,"column":19},"end":{"line":7,"column":3}},"line":5}},"branchMap":{"0":{"loc":{"start":{"line":6,"column":11},"end":{"line":6,"column":69}},"type":"binary-expr","locations":[{"start":{"line":6,"column":11},"end":{"line":6,"column":60}},{"start":{"line":6,"column":64},"end":{"line":6,"column":69}}],"line":6}},"s":{"0":8,"1":8,"2":8,"3":42,"4":8,"5":8},"f":{"0":42},"b":{"0":[42,13]},"_coverageSchema":"1a1c01bbd47fc00a2c39e90264f33305004495a9","hash":"4893951990c006491319a7565e1b5fa50a7fe7c0"}
,"D:\\Dicoding Academy\\AWS\\EXPERT\\forum-api-backend\\src\\Commons\\exceptions\\InvariantError.js": {"path":"D:\\Dicoding Academy\\AWS\\EXPERT\\forum-api-backend\\src\\Commons\\exceptions\\InvariantError.js","statementMap":{"0":{"start":{"line":1,"column":20},"end":{"line":1,"column":44}},"1":{"start":{"line":5,"column":4},"end":{"line":5,"column":19}},"2":{"start":{"line":6,"column":4},"end":{"line":6,"column":33}},"3":{"start":{"line":10,"column":0},"end":{"line":10,"column":32}}},"fnMap":{"0":{"name":"(anonymous_0)","decl":{"start":{"line":4,"column":2},"end":{"line":4,"column":3}},"loc":{"start":{"line":4,"column":23},"end":{"line":7,"column":3}},"line":4}},"branchMap":{},"s":{"0":12,"1":145,"2":145,"3":12},"f":{"0":145},"b":{},"_coverageSchema":"1a1c01bbd47fc00a2c39e90264f33305004495a9","hash":"4079025e104589651eca7878233e2ad44551230f"}
,"D:\\Dicoding Academy\\AWS\\EXPERT\\forum-api-backend\\src\\Commons\\exceptions\\NotFoundError.js": {"path":"D:\\Dicoding Academy\\AWS\\EXPERT\\forum-api-backend\\src\\Commons\\exceptions\\NotFoundError.js","statementMap":{"0":{"start":{"line":1,"column":20},"end":{"line":1,"column":44}},"1":{"start":{"line":5,"column":4},"end":{"line":5,"column":24}},"2":{"start":{"line":6,"column":4},"end":{"line":6,"column":32}},"3":{"start":{"line":10,"column":0},"end":{"line":10,"column":31}}},"fnMap":{"0":{"name":"(anonymous_0)","decl":{"start":{"line":4,"column":2},"end":{"line":4,"column":3}},"loc":{"start":{"line":4,"column":23},"end":{"line":7,"column":3}},"line":4}},"branchMap":{},"s":{"0":10,"1":6,"2":6,"3":10},"f":{"0":6},"b":{},"_coverageSchema":"1a1c01bbd47fc00a2c39e90264f33305004495a9","hash":"74e7b548eaef8d403bb5b01f4714d670d4d3f303"}
,"D:\\Dicoding Academy\\AWS\\EXPERT\\forum-api-backend\\src\\Domains\\authentications\\AuthenticationRepository.js": {"path":"D:\\Dicoding Academy\\AWS\\EXPERT\\forum-api-backend\\src\\Domains\\authentications\\AuthenticationRepository.js","statementMap":{"0":{"start":{"line":4,"column":4},"end":{"line":4,"column":72}},"1":{"start":{"line":8,"column":4},"end":{"line":8,"column":72}},"2":{"start":{"line":12,"column":4},"end":{"line":12,"column":72}},"3":{"start":{"line":16,"column":0},"end":{"line":16,"column":42}}},"fnMap":{"0":{"name":"(anonymous_0)","decl":{"start":{"line":3,"column":2},"end":{"line":3,"column":3}},"loc":{"start":{"line":3,"column":24},"end":{"line":5,"column":3}},"line":3},"1":{"name":"(anonymous_1)","decl":{"start":{"line":7,"column":2},"end":{"line":7,"column":3}},"loc":{"start":{"line":7,"column":38},"end":{"line":9,"column":3}},"line":7},"2":{"name":"(anonymous_2)","decl":{"start":{"line":11,"column":2},"end":{"line":11,"column":3}},"loc":{"start":{"line":11,"column":27},"end":{"line":13,"column":3}},"line":11}},"branchMap":{},"s":{"0":1,"1":1,"2":1,"3":12},"f":{"0":1,"1":1,"2":1},"b":{},"_coverageSchema":"1a1c01bbd47fc00a2c39e90264f33305004495a9","hash":"be9a92cade3820554b26eb7bcda12112ac8d12d3"}
,"D:\\Dicoding Academy\\AWS\\EXPERT\\forum-api-backend\\src\\Domains\\authentications\\entities\\NewAuth.js": {"path":"D:\\Dicoding Academy\\AWS\\EXPERT\\forum-api-backend\\src\\Domains\\authentications\\entities\\NewAuth.js","statementMap":{"0":{"start":{"line":3,"column":4},"end":{"line":3,"column":33}},"1":{"start":{"line":5,"column":4},"end":{"line":5,"column":43}},"2":{"start":{"line":6,"column":4},"end":{"line":6,"column":45}},"3":{"start":{"line":10,"column":42},"end":{"line":10,"column":49}},"4":{"start":{"line":12,"column":4},"end":{"line":14,"column":5}},"5":{"start":{"line":13,"column":6},"end":{"line":13,"column":62}},"6":{"start":{"line":16,"column":4},"end":{"line":18,"column":5}},"7":{"start":{"line":17,"column":6},"end":{"line":17,"column":67}},"8":{"start":{"line":22,"column":0},"end":{"line":22,"column":25}}},"fnMap":{"0":{"name":"(anonymous_0)","decl":{"start":{"line":2,"column":2},"end":{"line":2,"column":3}},"loc":{"start":{"line":2,"column":23},"end":{"line":7,"column":3}},"line":2},"1":{"name":"(anonymous_1)","decl":{"start":{"line":9,"column":2},"end":{"line":9,"column":3}},"loc":{"start":{"line":9,"column":26},"end":{"line":19,"column":3}},"line":9}},"branchMap":{"0":{"loc":{"start":{"line":12,"column":4},"end":{"line":14,"column":5}},"type":"if","locations":[{"start":{"line":12,"column":4},"end":{"line":14,"column":5}},{"start":{},"end":{}}],"line":12},"1":{"loc":{"start":{"line":12,"column":8},"end":{"line":12,"column":37}},"type":"binary-expr","locations":[{"start":{"line":12,"column":8},"end":{"line":12,"column":20}},{"start":{"line":12,"column":24},"end":{"line":12,"column":37}}],"line":12},"2":{"loc":{"start":{"line":16,"column":4},"end":{"line":18,"column":5}},"type":"if","locations":[{"start":{"line":16,"column":4},"end":{"line":18,"column":5}},{"start":{},"end":{}}],"line":16},"3":{"loc":{"start":{"line":16,"column":8},"end":{"line":16,"column":75}},"type":"binary-expr","locations":[{"start":{"line":16,"column":8},"end":{"line":16,"column":39}},{"start":{"line":16,"column":43},"end":{"line":16,"column":75}}],"line":16}},"s":{"0":17,"1":15,"2":15,"3":17,"4":17,"5":1,"6":16,"7":1,"8":9},"f":{"0":17,"1":17},"b":{"0":[1,16],"1":[17,17],"2":[1,15],"3":[16,16]},"_coverageSchema":"1a1c01bbd47fc00a2c39e90264f33305004495a9","hash":"5aec45b39728220820f5400a504c40b65ff447d4"}
,"D:\\Dicoding Academy\\AWS\\EXPERT\\forum-api-backend\\src\\Domains\\comments\\CommentRepository.js": {"path":"D:\\Dicoding Academy\\AWS\\EXPERT\\forum-api-backend\\src\\Domains\\comments\\CommentRepository.js","statementMap":{"0":{"start":{"line":4,"column":4},"end":{"line":4,"column":65}},"1":{"start":{"line":8,"column":4},"end":{"line":8,"column":65}},"2":{"start":{"line":12,"column":4},"end":{"line":12,"column":65}},"3":{"start":{"line":16,"column":4},"end":{"line":16,"column":65}},"4":{"start":{"line":20,"column":4},"end":{"line":20,"column":65}},"5":{"start":{"line":24,"column":4},"end":{"line":24,"column":65}},"6":{"start":{"line":28,"column":0},"end":{"line":28,"column":35}}},"fnMap":{"0":{"name":"(anonymous_0)","decl":{"start":{"line":3,"column":2},"end":{"line":3,"column":3}},"loc":{"start":{"line":3,"column":48},"end":{"line":5,"column":3}},"line":3},"1":{"name":"(anonymous_1)","decl":{"start":{"line":7,"column":2},"end":{"line":7,"column":3}},"loc":{"start":{"line":7,"column":34},"end":{"line":9,"column":3}},"line":7},"2":{"name":"(anonymous_2)","decl":{"start":{"line":11,"column":2},"end":{"line":11,"column":3}},"loc":{"start":{"line":11,"column":40},"end":{"line":13,"column":3}},"line":11},"3":{"name":"(anonymous_3)","decl":{"start":{"line":15,"column":2},"end":{"line":15,"column":3}},"loc":{"start":{"line":15,"column":37},"end":{"line":17,"column":3}},"line":15},"4":{"name":"(anonymous_4)","decl":{"start":{"line":19,"column":2},"end":{"line":19,"column":3}},"loc":{"start":{"line":19,"column":46},"end":{"line":21,"column":3}},"line":19},"5":{"name":"(anonymous_5)","decl":{"start":{"line":23,"column":2},"end":{"line":23,"column":3}},"loc":{"start":{"line":23,"column":45},"end":{"line":25,"column":3}},"line":23}},"branchMap":{},"s":{"0":1,"1":1,"2":1,"3":1,"4":1,"5":1,"6":12},"f":{"0":1,"1":1,"2":1,"3":1,"4":1,"5":1},"b":{},"_coverageSchema":"1a1c01bbd47fc00a2c39e90264f33305004495a9","hash":"446ad85e60c473c07320de7eb5f5ca4dca647361"}
,"D:\\Dicoding Academy\\AWS\\EXPERT\\forum-api-backend\\src\\Domains\\comments\\entities\\AddComment.js": {"path":"D:\\Dicoding Academy\\AWS\\EXPERT\\forum-api-backend\\src\\Domains\\comments\\entities\\AddComment.js","statementMap":{"0":{"start":{"line":3,"column":4},"end":{"line":3,"column":33}},"1":{"start":{"line":5,"column":24},"end":{"line":5,"column":31}},"2":{"start":{"line":7,"column":4},"end":{"line":7,"column":27}},"3":{"start":{"line":11,"column":4},"end":{"line":13,"column":5}},"4":{"start":{"line":12,"column":6},"end":{"line":12,"column":65}},"5":{"start":{"line":15,"column":4},"end":{"line":17,"column":5}},"6":{"start":{"line":16,"column":6},"end":{"line":16,"column":70}},"7":{"start":{"line":21,"column":0},"end":{"line":21,"column":28}}},"fnMap":{"0":{"name":"(anonymous_0)","decl":{"start":{"line":2,"column":2},"end":{"line":2,"column":3}},"loc":{"start":{"line":2,"column":23},"end":{"line":8,"column":3}},"line":2},"1":{"name":"(anonymous_1)","decl":{"start":{"line":10,"column":2},"end":{"line":10,"column":3}},"loc":{"start":{"line":10,"column":30},"end":{"line":18,"column":3}},"line":10}},"branchMap":{"0":{"loc":{"start":{"line":11,"column":4},"end":{"line":13,"column":5}},"type":"if","locations":[{"start":{"line":11,"column":4},"end":{"line":13,"column":5}},{"start":{},"end":{}}],"line":11},"1":{"loc":{"start":{"line":15,"column":4},"end":{"line":17,"column":5}},"type":"if","locations":[{"start":{"line":15,"column":4},"end":{"line":17,"column":5}},{"start":{},"end":{}}],"line":15}},"s":{"0":11,"1":7,"2":7,"3":11,"4":2,"5":9,"6":2,"7":10},"f":{"0":11,"1":11},"b":{"0":[2,9],"1":[2,7]},"_coverageSchema":"1a1c01bbd47fc00a2c39e90264f33305004495a9","hash":"ce47d6a0402dfd0a4526f73fdcbfd9e61a28f953"}
,"D:\\Dicoding Academy\\AWS\\EXPERT\\forum-api-backend\\src\\Domains\\comments\\entities\\AddedComment.js": {"path":"D:\\Dicoding Academy\\AWS\\EXPERT\\forum-api-backend\\src\\Domains\\comments\\entities\\AddedComment.js","statementMap":{"0":{"start":{"line":3,"column":4},"end":{"line":3,"column":33}},"1":{"start":{"line":5,"column":35},"end":{"line":5,"column":42}},"2":{"start":{"line":7,"column":4},"end":{"line":7,"column":17}},"3":{"start":{"line":8,"column":4},"end":{"line":8,"column":27}},"4":{"start":{"line":9,"column":4},"end":{"line":9,"column":23}},"5":{"start":{"line":13,"column":4},"end":{"line":15,"column":5}},"6":{"start":{"line":14,"column":6},"end":{"line":14,"column":67}},"7":{"start":{"line":17,"column":4},"end":{"line":19,"column":5}},"8":{"start":{"line":18,"column":6},"end":{"line":18,"column":72}},"9":{"start":{"line":23,"column":0},"end":{"line":23,"column":30}}},"fnMap":{"0":{"name":"(anonymous_0)","decl":{"start":{"line":2,"column":2},"end":{"line":2,"column":3}},"loc":{"start":{"line":2,"column":23},"end":{"line":10,"column":3}},"line":2},"1":{"name":"(anonymous_1)","decl":{"start":{"line":12,"column":2},"end":{"line":12,"column":3}},"loc":{"start":{"line":12,"column":41},"end":{"line":20,"column":3}},"line":12}},"branchMap":{"0":{"loc":{"start":{"line":13,"column":4},"end":{"line":15,"column":5}},"type":"if","locations":[{"start":{"line":13,"column":4},"end":{"line":15,"column":5}},{"start":{},"end":{}}],"line":13},"1":{"loc":{"start":{"line":13,"column":8},"end":{"line":13,"column":33}},"type":"binary-expr","locations":[{"start":{"line":13,"column":8},"end":{"line":13,"column":11}},{"start":{"line":13,"column":15},"end":{"line":13,"column":23}},{"start":{"line":13,"column":27},"end":{"line":13,"column":33}}],"line":13},"2":{"loc":{"start":{"line":17,"column":4},"end":{"line":19,"column":5}},"type":"if","locations":[{"start":{"line":17,"column":4},"end":{"line":19,"column":5}},{"start":{},"end":{}}],"line":17},"3":{"loc":{"start":{"line":17,"column":8},"end":{"line":17,"column":90}},"type":"binary-expr","locations":[{"start":{"line":17,"column":8},"end":{"line":17,"column":30}},{"start":{"line":17,"column":34},"end":{"line":17,"column":61}},{"start":{"line":17,"column":65},"end":{"line":17,"column":90}}],"line":17}},"s":{"0":10,"1":8,"2":8,"3":8,"4":8,"5":10,"6":1,"7":9,"8":1,"9":9},"f":{"0":10,"1":10},"b":{"0":[1,9],"1":[10,9,9],"2":[1,8],"3":[9,8,8]},"_coverageSchema":"1a1c01bbd47fc00a2c39e90264f33305004495a9","hash":"2e07c318c6fd34f718c371f8c5d8bfe52ed720e9"}
,"D:\\Dicoding Academy\\AWS\\EXPERT\\forum-api-backend\\src\\Domains\\comments\\entities\\CommentDetail.js": {"path":"D:\\Dicoding Academy\\AWS\\EXPERT\\forum-api-backend\\src\\Domains\\comments\\entities\\CommentDetail.js","statementMap":{"0":{"start":{"line":3,"column":4},"end":{"line":3,"column":33}},"1":{"start":{"line":12,"column":8},"end":{"line":12,"column":15}},"2":{"start":{"line":14,"column":4},"end":{"line":14,"column":17}},"3":{"start":{"line":15,"column":4},"end":{"line":15,"column":29}},"4":{"start":{"line":16,"column":4},"end":{"line":16,"column":21}},"5":{"start":{"line":17,"column":4},"end":{"line":17,"column":27}},"6":{"start":{"line":18,"column":4},"end":{"line":18,"column":31}},"7":{"start":{"line":19,"column":4},"end":{"line":19,"column":27}},"8":{"start":{"line":30,"column":4},"end":{"line":32,"column":5}},"9":{"start":{"line":31,"column":6},"end":{"line":31,"column":68}},"10":{"start":{"line":34,"column":4},"end":{"line":43,"column":5}},"11":{"start":{"line":42,"column":6},"end":{"line":42,"column":73}},"12":{"start":{"line":47,"column":0},"end":{"line":47,"column":31}}},"fnMap":{"0":{"name":"(anonymous_0)","decl":{"start":{"line":2,"column":2},"end":{"line":2,"column":3}},"loc":{"start":{"line":2,"column":23},"end":{"line":20,"column":3}},"line":2},"1":{"name":"(anonymous_1)","decl":{"start":{"line":22,"column":2},"end":{"line":22,"column":3}},"loc":{"start":{"line":29,"column":5},"end":{"line":44,"column":3}},"line":29}},"branchMap":{"0":{"loc":{"start":{"line":30,"column":4},"end":{"line":32,"column":5}},"type":"if","locations":[{"start":{"line":30,"column":4},"end":{"line":32,"column":5}},{"start":{},"end":{}}],"line":30},"1":{"loc":{"start":{"line":30,"column":8},"end":{"line":30,"column":57}},"type":"binary-expr","locations":[{"start":{"line":30,"column":8},"end":{"line":30,"column":11}},{"start":{"line":30,"column":15},"end":{"line":30,"column":24}},{"start":{"line":30,"column":28},"end":{"line":30,"column":33}},{"start":{"line":30,"column":37},"end":{"line":30,"column":45}},{"start":{"line":30,"column":49},"end":{"line":30,"column":57}}],"line":30},"2":{"loc":{"start":{"line":34,"column":4},"end":{"line":43,"column":5}},"type":"if","locations":[{"start":{"line":34,"column":4},"end":{"line":43,"column":5}},{"start":{},"end":{}}],"line":34},"3":{"loc":{"start":{"line":35,"column":6},"end":{"line":40,"column":29}},"type":"binary-expr","locations":[{"start":{"line":35,"column":6},"end":{"line":35,"column":28}},{"start":{"line":36,"column":6},"end":{"line":36,"column":34}},{"start":{"line":37,"column":6},"end":{"line":37,"column":30}},{"start":{"line":38,"column":6},"end":{"line":38,"column":33}},{"start":{"line":39,"column":6},"end":{"line":39,"column":35}},{"start":{"line":40,"column":6},"end":{"line":40,"column":29}}],"line":35}},"s":{"0":7,"1":5,"2":5,"3":5,"4":5,"5":5,"6":5,"7":5,"8":7,"9":1,"10":6,"11":1,"12":9},"f":{"0":7,"1":7},"b":{"0":[1,6],"1":[7,7,7,7,7],"2":[1,5],"3":[6,5,5,5,5,5]},"_coverageSchema":"1a1c01bbd47fc00a2c39e90264f33305004495a9","hash":"23f2c70a9343dd3abb872b24b096a76357c1bb3f"}
,"D:\\Dicoding Academy\\AWS\\EXPERT\\forum-api-backend\\src\\Domains\\likes\\LikeRepository.js": {"path":"D:\\Dicoding Academy\\AWS\\EXPERT\\forum-api-backend\\src\\Domains\\likes\\LikeRepository.js","statementMap":{"0":{"start":{"line":4,"column":4},"end":{"line":4,"column":62}},"1":{"start":{"line":8,"column":4},"end":{"line":8,"column":62}},"2":{"start":{"line":12,"column":4},"end":{"line":12,"column":62}},"3":{"start":{"line":16,"column":4},"end":{"line":16,"column":62}},"4":{"start":{"line":20,"column":0},"end":{"line":20,"column":32}}},"fnMap":{"0":{"name":"(anonymous_0)","decl":{"start":{"line":3,"column":2},"end":{"line":3,"column":3}},"loc":{"start":{"line":3,"column":34},"end":{"line":5,"column":3}},"line":3},"1":{"name":"(anonymous_1)","decl":{"start":{"line":7,"column":2},"end":{"line":7,"column":3}},"loc":{"start":{"line":7,"column":37},"end":{"line":9,"column":3}},"line":7},"2":{"name":"(anonymous_2)","decl":{"start":{"line":11,"column":2},"end":{"line":11,"column":3}},"loc":{"start":{"line":11,"column":49},"end":{"line":13,"column":3}},"line":11},"3":{"name":"(anonymous_3)","decl":{"start":{"line":15,"column":2},"end":{"line":15,"column":3}},"loc":{"start":{"line":15,"column":41},"end":{"line":17,"column":3}},"line":15}},"branchMap":{},"s":{"0":1,"1":1,"2":1,"3":1,"4":10},"f":{"0":1,"1":1,"2":1,"3":1},"b":{},"_coverageSchema":"1a1c01bbd47fc00a2c39e90264f33305004495a9","hash":"1f3a8924a3a440c069c720a0e56d87c220ccb74c"}
,"D:\\Dicoding Academy\\AWS\\EXPERT\\forum-api-backend\\src\\Domains\\replies\\ReplyRepository.js": {"path":"D:\\Dicoding Academy\\AWS\\EXPERT\\forum-api-backend\\src\\Domains\\replies\\ReplyRepository.js","statementMap":{"0":{"start":{"line":4,"column":4},"end":{"line":4,"column":63}},"1":{"start":{"line":8,"column":4},"end":{"line":8,"column":63}},"2":{"start":{"line":12,"column":4},"end":{"line":12,"column":63}},"3":{"start":{"line":16,"column":4},"end":{"line":16,"column":63}},"4":{"start":{"line":20,"column":4},"end":{"line":20,"column":63}},"5":{"start":{"line":24,"column":4},"end":{"line":24,"column":63}},"6":{"start":{"line":28,"column":0},"end":{"line":28,"column":33}}},"fnMap":{"0":{"name":"(anonymous_0)","decl":{"start":{"line":3,"column":2},"end":{"line":3,"column":3}},"loc":{"start":{"line":3,"column":45},"end":{"line":5,"column":3}},"line":3},"1":{"name":"(anonymous_1)","decl":{"start":{"line":7,"column":2},"end":{"line":7,"column":3}},"loc":{"start":{"line":7,"column":32},"end":{"line":9,"column":3}},"line":7},"2":{"name":"(anonymous_2)","decl":{"start":{"line":11,"column":2},"end":{"line":11,"column":3}},"loc":{"start":{"line":11,"column":43},"end":{"line":13,"column":3}},"line":11},"3":{"name":"(anonymous_3)","decl":{"start":{"line":15,"column":2},"end":{"line":15,"column":3}},"loc":{"start":{"line":15,"column":33},"end":{"line":17,"column":3}},"line":15},"4":{"name":"(anonymous_4)","decl":{"start":{"line":19,"column":2},"end":{"line":19,"column":3}},"loc":{"start":{"line":19,"column":42},"end":{"line":21,"column":3}},"line":19},"5":{"name":"(anonymous_5)","decl":{"start":{"line":23,"column":2},"end":{"line":23,"column":3}},"loc":{"start":{"line":23,"column":41},"end":{"line":25,"column":3}},"line":23}},"branchMap":{},"s":{"0":1,"1":1,"2":1,"3":1,"4":1,"5":1,"6":10},"f":{"0":1,"1":1,"2":1,"3":1,"4":1,"5":1},"b":{},"_coverageSchema":"1a1c01bbd47fc00a2c39e90264f33305004495a9","hash":"6fa70d61716b840f1fc2fc00d411ce328bfbc078"}
,"D:\\Dicoding Academy\\AWS\\EXPERT\\forum-api-backend\\src\\Domains\\replies\\entities\\AddReply.js": {"path":"D:\\Dicoding Academy\\AWS\\EXPERT\\forum-api-backend\\src\\Domains\\replies\\entities\\AddReply.js","statementMap":{"0":{"start":{"line":3,"column":4},"end":{"line":3,"column":33}},"1":{"start":{"line":5,"column":24},"end":{"line":5,"column":31}},"2":{"start":{"line":7,"column":4},"end":{"line":7,"column":27}},"3":{"start":{"line":11,"column":4},"end":{"line":13,"column":5}},"4":{"start":{"line":12,"column":6},"end":{"line":12,"column":63}},"5":{"start":{"line":15,"column":4},"end":{"line":17,"column":5}},"6":{"start":{"line":16,"column":6},"end":{"line":16,"column":68}},"7":{"start":{"line":21,"column":0},"end":{"line":21,"column":26}}},"fnMap":{"0":{"name":"(anonymous_0)","decl":{"start":{"line":2,"column":2},"end":{"line":2,"column":3}},"loc":{"start":{"line":2,"column":23},"end":{"line":8,"column":3}},"line":2},"1":{"name":"(anonymous_1)","decl":{"start":{"line":10,"column":2},"end":{"line":10,"column":3}},"loc":{"start":{"line":10,"column":30},"end":{"line":18,"column":3}},"line":10}},"branchMap":{"0":{"loc":{"start":{"line":11,"column":4},"end":{"line":13,"column":5}},"type":"if","locations":[{"start":{"line":11,"column":4},"end":{"line":13,"column":5}},{"start":{},"end":{}}],"line":11},"1":{"loc":{"start":{"line":15,"column":4},"end":{"line":17,"column":5}},"type":"if","locations":[{"start":{"line":15,"column":4},"end":{"line":17,"column":5}},{"start":{},"end":{}}],"line":15}},"s":{"0":11,"1":7,"2":7,"3":11,"4":2,"5":9,"6":2,"7":10},"f":{"0":11,"1":11},"b":{"0":[2,9],"1":[2,7]},"_coverageSchema":"1a1c01bbd47fc00a2c39e90264f33305004495a9","hash":"e2aa40f044f7598ce950c96fa8d1ed432ce018b0"}
,"D:\\Dicoding Academy\\AWS\\EXPERT\\forum-api-backend\\src\\Domains\\replies\\entities\\AddedReply.js": {"path":"D:\\Dicoding Academy\\AWS\\EXPERT\\forum-api-backend\\src\\Domains\\replies\\entities\\AddedReply.js","statementMap":{"0":{"start":{"line":3,"column":4},"end":{"line":3,"column":33}},"1":{"start":{"line":5,"column":35},"end":{"line":5,"column":42}},"2":{"start":{"line":7,"column":4},"end":{"line":7,"column":17}},"3":{"start":{"line":8,"column":4},"end":{"line":8,"column":27}},"4":{"start":{"line":9,"column":4},"end":{"line":9,"column":23}},"5":{"start":{"line":13,"column":4},"end":{"line":15,"column":5}},"6":{"start":{"line":14,"column":6},"end":{"line":14,"column":65}},"7":{"start":{"line":17,"column":4},"end":{"line":19,"column":5}},"8":{"start":{"line":18,"column":6},"end":{"line":18,"column":70}},"9":{"start":{"line":23,"column":0},"end":{"line":23,"column":28}}},"fnMap":{"0":{"name":"(anonymous_0)","decl":{"start":{"line":2,"column":2},"end":{"line":2,"column":3}},"loc":{"start":{"line":2,"column":23},"end":{"line":10,"column":3}},"line":2},"1":{"name":"(anonymous_1)","decl":{"start":{"line":12,"column":2},"end":{"line":12,"column":3}},"loc":{"start":{"line":12,"column":41},"end":{"line":20,"column":3}},"line":12}},"branchMap":{"0":{"loc":{"start":{"line":13,"column":4},"end":{"line":15,"column":5}},"type":"if","locations":[{"start":{"line":13,"column":4},"end":{"line":15,"column":5}},{"start":{},"end":{}}],"line":13},"1":{"loc":{"start":{"line":13,"column":8},"end":{"line":13,"column":33}},"type":"binary-expr","locations":[{"start":{"line":13,"column":8},"end":{"line":13,"column":11}},{"start":{"line":13,"column":15},"end":{"line":13,"column":23}},{"start":{"line":13,"column":27},"end":{"line":13,"column":33}}],"line":13},"2":{"loc":{"start":{"line":17,"column":4},"end":{"line":19,"column":5}},"type":"if","locations":[{"start":{"line":17,"column":4},"end":{"line":19,"column":5}},{"start":{},"end":{}}],"line":17},"3":{"loc":{"start":{"line":17,"column":8},"end":{"line":17,"column":90}},"type":"binary-expr","locations":[{"start":{"line":17,"column":8},"end":{"line":17,"column":30}},{"start":{"line":17,"column":34},"end":{"line":17,"column":61}},{"start":{"line":17,"column":65},"end":{"line":17,"column":90}}],"line":17}},"s":{"0":8,"1":6,"2":6,"3":6,"4":6,"5":8,"6":1,"7":7,"8":1,"9":9},"f":{"0":8,"1":8},"b":{"0":[1,7],"1":[8,7,7],"2":[1,6],"3":[7,6,6]},"_coverageSchema":"1a1c01bbd47fc00a2c39e90264f33305004495a9","hash":"dd239c820ba6bf7c4c0d918e034caeb4619750a8"}
,"D:\\Dicoding Academy\\AWS\\EXPERT\\forum-api-backend\\src\\Domains\\replies\\entities\\ReplyDetail.js": {"path":"D:\\Dicoding Academy\\AWS\\EXPERT\\forum-api-backend\\src\\Domains\\replies\\entities\\ReplyDetail.js","statementMap":{"0":{"start":{"line":3,"column":4},"end":{"line":3,"column":33}},"1":{"start":{"line":10,"column":8},"end":{"line":10,"column":15}},"2":{"start":{"line":12,"column":4},"end":{"line":12,"column":17}},"3":{"start":{"line":13,"column":4},"end":{"line":13,"column":29}},"4":{"start":{"line":14,"column":4},"end":{"line":14,"column":21}},"5":{"start":{"line":15,"column":4},"end":{"line":15,"column":27}},"6":{"start":{"line":24,"column":4},"end":{"line":26,"column":5}},"7":{"start":{"line":25,"column":6},"end":{"line":25,"column":66}},"8":{"start":{"line":28,"column":4},"end":{"line":35,"column":5}},"9":{"start":{"line":34,"column":6},"end":{"line":34,"column":71}},"10":{"start":{"line":39,"column":0},"end":{"line":39,"column":29}}},"fnMap":{"0":{"name":"(anonymous_0)","decl":{"start":{"line":2,"column":2},"end":{"line":2,"column":3}},"loc":{"start":{"line":2,"column":23},"end":{"line":16,"column":3}},"line":2},"1":{"name":"(anonymous_1)","decl":{"start":{"line":18,"column":2},"end":{"line":18,"column":3}},"loc":{"start":{"line":23,"column":5},"end":{"line":36,"column":3}},"line":23}},"branchMap":{"0":{"loc":{"start":{"line":24,"column":4},"end":{"line":26,"column":5}},"type":"if","locations":[{"start":{"line":24,"column":4},"end":{"line":26,"column":5}},{"start":{},"end":{}}],"line":24},"1":{"loc":{"start":{"line":24,"column":8},"end":{"line":24,"column":45}},"type":"binary-expr","locations":[{"start":{"line":24,"column":8},"end":{"line":24,"column":11}},{"start":{"line":24,"column":15},"end":{"line":24,"column":24}},{"start":{"line":24,"column":28},"end":{"line":24,"column":33}},{"start":{"line":24,"column":37},"end":{"line":24,"column":45}}],"line":24},"2":{"loc":{"start":{"line":28,"column":4},"end":{"line":35,"column":5}},"type":"if","locations":[{"start":{"line":28,"column":4},"end":{"line":35,"column":5}},{"start":{},"end":{}}],"line":28},"3":{"loc":{"start":{"line":29,"column":6},"end":{"line":32,"column":33}},"type":"binary-expr","locations":[{"start":{"line":29,"column":6},"end":{"line":29,"column":28}},{"start":{"line":30,"column":6},"end":{"line":30,"column":34}},{"start":{"line":31,"column":6},"end":{"line":31,"column":30}},{"start":{"line":32,"column":6},"end":{"line":32,"column":33}}],"line":29}},"s":{"0":9,"1":7,"2":7,"3":7,"4":7,"5":7,"6":9,"7":1,"8":8,"9":1,"10":9},"f":{"0":9,"1":9},"b":{"0":[1,8],"1":[9,9,9,9],"2":[1,7],"3":[8,7,7,7]},"_coverageSchema":"1a1c01bbd47fc00a2c39e90264f33305004495a9","hash":"3fc4700018df324ace0580655edb0ea746eed4f3"}
,"D:\\Dicoding Academy\\AWS\\EXPERT\\forum-api-backend\\src\\Domains\\threads\\ThreadRepository.js": {"path":"D:\\Dicoding Academy\\AWS\\EXPERT\\forum-api-backend\\src\\Domains\\threads\\ThreadRepository.js","statementMap":{"0":{"start":{"line":4,"column":4},"end":{"line":4,"column":64}},"1":{"start":{"line":8,"column":4},"end":{"line":8,"column":64}},"2":{"start":{"line":12,"column":4},"end":{"line":12,"column":64}},"3":{"start":{"line":16,"column":0},"end":{"line":16,"column":34}}},"fnMap":{"0":{"name":"(anonymous_0)","decl":{"start":{"line":3,"column":2},"end":{"line":3,"column":3}},"loc":{"start":{"line":3,"column":33},"end":{"line":5,"column":3}},"line":3},"1":{"name":"(anonymous_1)","decl":{"start":{"line":7,"column":2},"end":{"line":7,"column":3}},"loc":{"start":{"line":7,"column":32},"end":{"line":9,"column":3}},"line":7},"2":{"name":"(anonymous_2)","decl":{"start":{"line":11,"column":2},"end":{"line":11,"column":3}},"loc":{"start":{"line":11,"column":43},"end":{"line":13,"column":3}},"line":11}},"branchMap":{},"s":{"0":1,"1":1,"2":1,"3":12},"f":{"0":1,"1":1,"2":1},"b":{},"_coverageSchema":"1a1c01bbd47fc00a2c39e90264f33305004495a9","hash":"bc47970e1f66f31108a5792679ec7b5dd8238c5f"}
,"D:\\Dicoding Academy\\AWS\\EXPERT\\forum-api-backend\\src\\Domains\\threads\\entities\\AddThread.js": {"path":"D:\\Dicoding Academy\\AWS\\EXPERT\\forum-api-backend\\src\\Domains\\threads\\entities\\AddThread.js","statementMap":{"0":{"start":{"line":3,"column":4},"end":{"line":3,"column":33}},"1":{"start":{"line":5,"column":28},"end":{"line":5,"column":35}},"2":{"start":{"line":7,"column":4},"end":{"line":7,"column":23}},"3":{"start":{"line":8,"column":4},"end":{"line":8,"column":21}},"4":{"start":{"line":12,"column":4},"end":{"line":14,"column":5}},"5":{"start":{"line":13,"column":6},"end":{"line":13,"column":64}},"6":{"start":{"line":16,"column":4},"end":{"line":18,"column":5}},"7":{"start":{"line":17,"column":6},"end":{"line":17,"column":69}},"8":{"start":{"line":22,"column":0},"end":{"line":22,"column":27}}},"fnMap":{"0":{"name":"(anonymous_0)","decl":{"start":{"line":2,"column":2},"end":{"line":2,"column":3}},"loc":{"start":{"line":2,"column":23},"end":{"line":9,"column":3}},"line":2},"1":{"name":"(anonymous_1)","decl":{"start":{"line":11,"column":2},"end":{"line":11,"column":3}},"loc":{"start":{"line":11,"column":34},"end":{"line":19,"column":3}},"line":11}},"branchMap":{"0":{"loc":{"start":{"line":12,"column":4},"end":{"line":14,"column":5}},"type":"if","locations":[{"start":{"line":12,"column":4},"end":{"line":14,"column":5}},{"start":{},"end":{}}],"line":12},"1":{"loc":{"start":{"line":12,"column":8},"end":{"line":12,"column":23}},"type":"binary-expr","locations":[{"start":{"line":12,"column":8},"end":{"line":12,"column":14}},{"start":{"line":12,"column":18},"end":{"line":12,"column":23}}],"line":12},"2":{"loc":{"start":{"line":16,"column":4},"end":{"line":18,"column":5}},"type":"if","locations":[{"start":{"line":16,"column":4},"end":{"line":18,"column":5}},{"start":{},"end":{}}],"line":16},"3":{"loc":{"start":{"line":16,"column":8},"end":{"line":16,"column":61}},"type":"binary-expr","locations":[{"start":{"line":16,"column":8},"end":{"line":16,"column":33}},{"start":{"line":16,"column":37},"end":{"line":16,"column":61}}],"line":16}},"s":{"0":11,"1":7,"2":7,"3":7,"4":11,"5":2,"6":9,"7":2,"8":10},"f":{"0":11,"1":11},"b":{"0":[2,9],"1":[11,11],"2":[2,7],"3":[9,7]},"_coverageSchema":"1a1c01bbd47fc00a2c39e90264f33305004495a9","hash":"b233764cc4b47a2fd8b96ca7def46f066ef896c5"}
,"D:\\Dicoding Academy\\AWS\\EXPERT\\forum-api-backend\\src\\Domains\\threads\\entities\\AddedThread.js": {"path":"D:\\Dicoding Academy\\AWS\\EXPERT\\forum-api-backend\\src\\Domains\\threads\\entities\\AddedThread.js","statementMap":{"0":{"start":{"line":3,"column":4},"end":{"line":3,"column":33}},"1":{"start":{"line":5,"column":33},"end":{"line":5,"column":40}},"2":{"start":{"line":7,"column":4},"end":{"line":7,"column":17}},"3":{"start":{"line":8,"column":4},"end":{"line":8,"column":23}},"4":{"start":{"line":9,"column":4},"end":{"line":9,"column":23}},"5":{"start":{"line":13,"column":4},"end":{"line":15,"column":5}},"6":{"start":{"line":14,"column":6},"end":{"line":14,"column":66}},"7":{"start":{"line":17,"column":4},"end":{"line":19,"column":5}},"8":{"start":{"line":18,"column":6},"end":{"line":18,"column":71}},"9":{"start":{"line":23,"column":0},"end":{"line":23,"column":29}}},"fnMap":{"0":{"name":"(anonymous_0)","decl":{"start":{"line":2,"column":2},"end":{"line":2,"column":3}},"loc":{"start":{"line":2,"column":23},"end":{"line":10,"column":3}},"line":2},"1":{"name":"(anonymous_1)","decl":{"start":{"line":12,"column":2},"end":{"line":12,"column":3}},"loc":{"start":{"line":12,"column":39},"end":{"line":20,"column":3}},"line":12}},"branchMap":{"0":{"loc":{"start":{"line":13,"column":4},"end":{"line":15,"column":5}},"type":"if","locations":[{"start":{"line":13,"column":4},"end":{"line":15,"column":5}},{"start":{},"end":{}}],"line":13},"1":{"loc":{"start":{"line":13,"column":8},"end":{"line":13,"column":31}},"type":"binary-expr","locations":[{"start":{"line":13,"column":8},"end":{"line":13,"column":11}},{"start":{"line":13,"column":15},"end":{"line":13,"column":21}},{"start":{"line":13,"column":25},"end":{"line":13,"column":31}}],"line":13},"2":{"loc":{"start":{"line":17,"column":4},"end":{"line":19,"column":5}},"type":"if","locations":[{"start":{"line":17,"column":4},"end":{"line":19,"column":5}},{"start":{},"end":{}}],"line":17},"3":{"loc":{"start":{"line":17,"column":8},"end":{"line":17,"column":88}},"type":"binary-expr","locations":[{"start":{"line":17,"column":8},"end":{"line":17,"column":30}},{"start":{"line":17,"column":34},"end":{"line":17,"column":59}},{"start":{"line":17,"column":63},"end":{"line":17,"column":88}}],"line":17}},"s":{"0":10,"1":8,"2":8,"3":8,"4":8,"5":10,"6":1,"7":9,"8":1,"9":9},"f":{"0":10,"1":10},"b":{"0":[1,9],"1":[10,10,10],"2":[1,8],"3":[9,8,8]},"_coverageSchema":"1a1c01bbd47fc00a2c39e90264f33305004495a9","hash":"44f536359f8f7d3392f792eb2439d05d16d261d4"}
,"D:\\Dicoding Academy\\AWS\\EXPERT\\forum-api-backend\\src\\Domains\\threads\\entities\\ThreadDetail.js": {"path":"D:\\Dicoding Academy\\AWS\\EXPERT\\forum-api-backend\\src\\Domains\\threads\\entities\\ThreadDetail.js","statementMap":{"0":{"start":{"line":3,"column":4},"end":{"line":3,"column":33}},"1":{"start":{"line":12,"column":8},"end":{"line":12,"column":15}},"2":{"start":{"line":14,"column":4},"end":{"line":14,"column":17}},"3":{"start":{"line":15,"column":4},"end":{"line":15,"column":23}},"4":{"start":{"line":16,"column":4},"end":{"line":16,"column":21}},"5":{"start":{"line":17,"column":4},"end":{"line":17,"column":21}},"6":{"start":{"line":18,"column":4},"end":{"line":18,"column":29}},"7":{"start":{"line":19,"column":4},"end":{"line":19,"column":29}},"8":{"start":{"line":30,"column":4},"end":{"line":32,"column":5}},"9":{"start":{"line":31,"column":6},"end":{"line":31,"column":67}},"10":{"start":{"line":34,"column":4},"end":{"line":43,"column":5}},"11":{"start":{"line":42,"column":6},"end":{"line":42,"column":72}},"12":{"start":{"line":47,"column":0},"end":{"line":47,"column":30}}},"fnMap":{"0":{"name":"(anonymous_0)","decl":{"start":{"line":2,"column":2},"end":{"line":2,"column":3}},"loc":{"start":{"line":2,"column":23},"end":{"line":20,"column":3}},"line":2},"1":{"name":"(anonymous_1)","decl":{"start":{"line":22,"column":2},"end":{"line":22,"column":3}},"loc":{"start":{"line":29,"column":5},"end":{"line":44,"column":3}},"line":29}},"branchMap":{"0":{"loc":{"start":{"line":30,"column":4},"end":{"line":32,"column":5}},"type":"if","locations":[{"start":{"line":30,"column":4},"end":{"line":32,"column":5}},{"start":{},"end":{}}],"line":30},"1":{"loc":{"start":{"line":30,"column":8},"end":{"line":30,"column":65}},"type":"binary-expr","locations":[{"start":{"line":30,"column":8},"end":{"line":30,"column":11}},{"start":{"line":30,"column":15},"end":{"line":30,"column":21}},{"start":{"line":30,"column":25},"end":{"line":30,"column":30}},{"start":{"line":30,"column":34},"end":{"line":30,"column":39}},{"start":{"line":30,"column":43},"end":{"line":30,"column":52}},{"start":{"line":30,"column":56},"end":{"line":30,"column":65}}],"line":30},"2":{"loc":{"start":{"line":34,"column":4},"end":{"line":43,"column":5}},"type":"if","locations":[{"start":{"line":34,"column":4},"end":{"line":43,"column":5}},{"start":{},"end":{}}],"line":34},"3":{"loc":{"start":{"line":35,"column":6},"end":{"line":40,"column":30}},"type":"binary-expr","locations":[{"start":{"line":35,"column":6},"end":{"line":35,"column":28}},{"start":{"line":36,"column":6},"end":{"line":36,"column":31}},{"start":{"line":37,"column":6},"end":{"line":37,"column":30}},{"start":{"line":38,"column":6},"end":{"line":38,"column":30}},{"start":{"line":39,"column":6},"end":{"line":39,"column":34}},{"start":{"line":40,"column":6},"end":{"line":40,"column":30}}],"line":35}},"s":{"0":6,"1":4,"2":4,"3":4,"4":4,"5":4,"6":4,"7":4,"8":6,"9":1,"10":5,"11":1,"12":9},"f":{"0":6,"1":6},"b":{"0":[1,5],"1":[6,6,6,6,6,5],"2":[1,4],"3":[5,4,4,4,4,4]},"_coverageSchema":"1a1c01bbd47fc00a2c39e90264f33305004495a9","hash":"8c96fb3de6264bac7de8ce7c94c956ac49dde4cb"}
,"D:\\Dicoding Academy\\AWS\\EXPERT\\forum-api-backend\\src\\Domains\\users\\UserRepository.js": {"path":"D:\\Dicoding Academy\\AWS\\EXPERT\\forum-api-backend\\src\\Domains\\users\\UserRepository.js","statementMap":{"0":{"start":{"line":4,"column":4},"end":{"line":4,"column":62}},"1":{"start":{"line":8,"column":4},"end":{"line":8,"column":62}},"2":{"start":{"line":12,"column":4},"end":{"line":12,"column":62}},"3":{"start":{"line":16,"column":4},"end":{"line":16,"column":62}},"4":{"start":{"line":20,"column":0},"end":{"line":20,"column":32}}},"fnMap":{"0":{"name":"(anonymous_0)","decl":{"start":{"line":3,"column":2},"end":{"line":3,"column":3}},"loc":{"start":{"line":3,"column":30},"end":{"line":5,"column":3}},"line":3},"1":{"name":"(anonymous_1)","decl":{"start":{"line":7,"column":2},"end":{"line":7,"column":3}},"loc":{"start":{"line":7,"column":42},"end":{"line":9,"column":3}},"line":7},"2":{"name":"(anonymous_2)","decl":{"start":{"line":11,"column":2},"end":{"line":11,"column":3}},"loc":{"start":{"line":11,"column":40},"end":{"line":13,"column":3}},"line":11},"3":{"name":"(anonymous_3)","decl":{"start":{"line":15,"column":2},"end":{"line":15,"column":3}},"loc":{"start":{"line":15,"column":34},"end":{"line":17,"column":3}},"line":15}},"branchMap":{},"s":{"0":1,"1":1,"2":1,"3":1,"4":10},"f":{"0":1,"1":1,"2":1,"3":1},"b":{},"_coverageSchema":"1a1c01bbd47fc00a2c39e90264f33305004495a9","hash":"4db774ccb409ce639b40bd1ecd95d8b5ada20b11"}
,"D:\\Dicoding Academy\\AWS\\EXPERT\\forum-api-backend\\src\\Domains\\users\\entities\\RegisterUser.js": {"path":"D:\\Dicoding Academy\\AWS\\EXPERT\\forum-api-backend\\src\\Domains\\users\\entities\\RegisterUser.js","statementMap":{"0":{"start":{"line":3,"column":4},"end":{"line":3,"column":33}},"1":{"start":{"line":5,"column":45},"end":{"line":5,"column":52}},"2":{"start":{"line":7,"column":4},"end":{"line":7,"column":29}},"3":{"start":{"line":8,"column":4},"end":{"line":8,"column":29}},"4":{"start":{"line":9,"column":4},"end":{"line":9,"column":29}},"5":{"start":{"line":13,"column":4},"end":{"line":15,"column":5}},"6":{"start":{"line":14,"column":6},"end":{"line":14,"column":67}},"7":{"start":{"line":17,"column":4},"end":{"line":19,"column":5}},"8":{"start":{"line":18,"column":6},"end":{"line":18,"column":72}},"9":{"start":{"line":21,"column":4},"end":{"line":23,"column":5}},"10":{"start":{"line":22,"column":6},"end":{"line":22,"column":59}},"11":{"start":{"line":25,"column":4},"end":{"line":27,"column":5}},"12":{"start":{"line":26,"column":6},"end":{"line":26,"column":77}},"13":{"start":{"line":31,"column":0},"end":{"line":31,"column":30}}},"fnMap":{"0":{"name":"(anonymous_0)","decl":{"start":{"line":2,"column":2},"end":{"line":2,"column":3}},"loc":{"start":{"line":2,"column":23},"end":{"line":10,"column":3}},"line":2},"1":{"name":"(anonymous_1)","decl":{"start":{"line":12,"column":2},"end":{"line":12,"column":3}},"loc":{"start":{"line":12,"column":51},"end":{"line":28,"column":3}},"line":12}},"branchMap":{"0":{"loc":{"start":{"line":13,"column":4},"end":{"line":15,"column":5}},"type":"if","locations":[{"start":{"line":13,"column":4},"end":{"line":15,"column":5}},{"start":{},"end":{}}],"line":13},"1":{"loc":{"start":{"line":13,"column":8},"end":{"line":13,"column":43}},"type":"binary-expr","locations":[{"start":{"line":13,"column":8},"end":{"line":13,"column":17}},{"start":{"line":13,"column":21},"end":{"line":13,"column":30}},{"start":{"line":13,"column":34},"end":{"line":13,"column":43}}],"line":13},"2":{"loc":{"start":{"line":17,"column":4},"end":{"line":19,"column":5}},"type":"if","locations":[{"start":{"line":17,"column":4},"end":{"line":19,"column":5}},{"start":{},"end":{}}],"line":17},"3":{"loc":{"start":{"line":17,"column":8},"end":{"line":17,"column":100}},"type":"binary-expr","locations":[{"start":{"line":17,"column":8},"end":{"line":17,"column":36}},{"start":{"line":17,"column":40},"end":{"line":17,"column":68}},{"start":{"line":17,"column":72},"end":{"line":17,"column":100}}],"line":17},"4":{"loc":{"start":{"line":21,"column":4},"end":{"line":23,"column":5}},"type":"if","locations":[{"start":{"line":21,"column":4},"end":{"line":23,"column":5}},{"start":{},"end":{}}],"line":21},"5":{"loc":{"start":{"line":25,"column":4},"end":{"line":27,"column":5}},"type":"if","locations":[{"start":{"line":25,"column":4},"end":{"line":27,"column":5}},{"start":{},"end":{}}],"line":25}},"s":{"0":27,"1":19,"2":19,"3":19,"4":19,"5":27,"6":2,"7":25,"8":2,"9":23,"10":2,"11":21,"12":2,"13":10},"f":{"0":27,"1":27},"b":{"0":[2,25],"1":[27,26,26],"2":[2,23],"3":[25,24,24],"4":[2,21],"5":[2,19]},"_coverageSchema":"1a1c01bbd47fc00a2c39e90264f33305004495a9","hash":"14699395ecf3af662e476c3ad5752015425723d0"}
,"D:\\Dicoding Academy\\AWS\\EXPERT\\forum-api-backend\\src\\Domains\\users\\entities\\RegisteredUser.js": {"path":"D:\\Dicoding Academy\\AWS\\EXPERT\\forum-api-backend\\src\\Domains\\users\\entities\\RegisteredUser.js","statementMap":{"0":{"start":{"line":3,"column":4},"end":{"line":3,"column":33}},"1":{"start":{"line":5,"column":39},"end":{"line":5,"column":46}},"2":{"start":{"line":7,"column":4},"end":{"line":7,"column":17}},"3":{"start":{"line":8,"column":4},"end":{"line":8,"column":29}},"4":{"start":{"line":9,"column":4},"end":{"line":9,"column":29}},"5":{"start":{"line":13,"column":4},"end":{"line":15,"column":5}},"6":{"start":{"line":14,"column":6},"end":{"line":14,"column":69}},"7":{"start":{"line":17,"column":4},"end":{"line":19,"column":5}},"8":{"start":{"line":18,"column":6},"end":{"line":18,"column":74}},"9":{"start":{"line":23,"column":0},"end":{"line":23,"column":32}}},"fnMap":{"0":{"name":"(anonymous_0)","decl":{"start":{"line":2,"column":2},"end":{"line":2,"column":3}},"loc":{"start":{"line":2,"column":23},"end":{"line":10,"column":3}},"line":2},"1":{"name":"(anonymous_1)","decl":{"start":{"line":12,"column":2},"end":{"line":12,"column":3}},"loc":{"start":{"line":12,"column":45},"end":{"line":20,"column":3}},"line":12}},"branchMap":{"0":{"loc":{"start":{"line":13,"column":4},"end":{"line":15,"column":5}},"type":"if","locations":[{"start":{"line":13,"column":4},"end":{"line":15,"column":5}},{"start":{},"end":{}}],"line":13},"1":{"loc":{"start":{"line":13,"column":8},"end":{"line":13,"column":37}},"type":"binary-expr","locations":[{"start":{"line":13,"column":8},"end":{"line":13,"column":11}},{"start":{"line":13,"column":15},"end":{"line":13,"column":24}},{"start":{"line":13,"column":28},"end":{"line":13,"column":37}}],"line":13},"2":{"loc":{"start":{"line":17,"column":4},"end":{"line":19,"column":5}},"type":"if","locations":[{"start":{"line":17,"column":4},"end":{"line":19,"column":5}},{"start":{},"end":{}}],"line":17},"3":{"loc":{"start":{"line":17,"column":8},"end":{"line":17,"column":94}},"type":"binary-expr","locations":[{"start":{"line":17,"column":8},"end":{"line":17,"column":30}},{"start":{"line":17,"column":34},"end":{"line":17,"column":62}},{"start":{"line":17,"column":66},"end":{"line":17,"column":94}}],"line":17}},"s":{"0":21,"1":19,"2":19,"3":19,"4":19,"5":21,"6":1,"7":20,"8":1,"9":9},"f":{"0":21,"1":21},"b":{"0":[1,20],"1":[21,20,20],"2":[1,19],"3":[20,19,19]},"_coverageSchema":"1a1c01bbd47fc00a2c39e90264f33305004495a9","hash":"6305516521d1e6f08fd5b9d62c4a083d52947bfb"}
,"D:\\Dicoding Academy\\AWS\\EXPERT\\forum-api-backend\\src\\Domains\\users\\entities\\UserLogin.js": {"path":"D:\\Dicoding Academy\\AWS\\EXPERT\\forum-api-backend\\src\\Domains\\users\\entities\\UserLogin.js","statementMap":{"0":{"start":{"line":3,"column":4},"end":{"line":3,"column":33}},"1":{"start":{"line":5,"column":4},"end":{"line":5,"column":37}},"2":{"start":{"line":6,"column":4},"end":{"line":6,"column":37}},"3":{"start":{"line":10,"column":35},"end":{"line":10,"column":42}},"4":{"start":{"line":12,"column":4},"end":{"line":14,"column":5}},"5":{"start":{"line":13,"column":6},"end":{"line":13,"column":64}},"6":{"start":{"line":16,"column":4},"end":{"line":18,"column":5}},"7":{"start":{"line":17,"column":6},"end":{"line":17,"column":69}},"8":{"start":{"line":22,"column":0},"end":{"line":22,"column":27}}},"fnMap":{"0":{"name":"(anonymous_0)","decl":{"start":{"line":2,"column":2},"end":{"line":2,"column":3}},"loc":{"start":{"line":2,"column":23},"end":{"line":7,"column":3}},"line":2},"1":{"name":"(anonymous_1)","decl":{"start":{"line":9,"column":2},"end":{"line":9,"column":3}},"loc":{"start":{"line":9,"column":26},"end":{"line":19,"column":3}},"line":9}},"branchMap":{"0":{"loc":{"start":{"line":12,"column":4},"end":{"line":14,"column":5}},"type":"if","locations":[{"start":{"line":12,"column":4},"end":{"line":14,"column":5}},{"start":{},"end":{}}],"line":12},"1":{"loc":{"start":{"line":12,"column":8},"end":{"line":12,"column":30}},"type":"binary-expr","locations":[{"start":{"line":12,"column":8},"end":{"line":12,"column":17}},{"start":{"line":12,"column":21},"end":{"line":12,"column":30}}],"line":12},"2":{"loc":{"start":{"line":16,"column":4},"end":{"line":18,"column":5}},"type":"if","locations":[{"start":{"line":16,"column":4},"end":{"line":18,"column":5}},{"start":{},"end":{}}],"line":16},"3":{"loc":{"start":{"line":16,"column":8},"end":{"line":16,"column":68}},"type":"binary-expr","locations":[{"start":{"line":16,"column":8},"end":{"line":16,"column":36}},{"start":{"line":16,"column":40},"end":{"line":16,"column":68}}],"line":16}},"s":{"0":19,"1":15,"2":15,"3":19,"4":19,"5":2,"6":17,"7":2,"8":9},"f":{"0":19,"1":19},"b":{"0":[2,17],"1":[19,19],"2":[2,15],"3":[17,16]},"_coverageSchema":"1a1c01bbd47fc00a2c39e90264f33305004495a9","hash":"d84617742b12881514539e79275d24160cbf7e71"}
,"D:\\Dicoding Academy\\AWS\\EXPERT\\forum-api-backend\\src\\Infrastructures\\http\\createServer.js": {"path":"D:\\Dicoding Academy\\AWS\\EXPERT\\forum-api-backend\\src\\Infrastructures\\http\\createServer.js","statementMap":{"0":{"start":{"line":1,"column":13},"end":{"line":1,"column":34}},"1":{"start":{"line":2,"column":12},"end":{"line":2,"column":32}},"2":{"start":{"line":3,"column":20},"end":{"line":3,"column":67}},"3":{"start":{"line":4,"column":30},"end":{"line":4,"column":87}},"4":{"start":{"line":5,"column":24},"end":{"line":5,"column":76}},"5":{"start":{"line":6,"column":17},"end":{"line":6,"column":62}},"6":{"start":{"line":7,"column":14},"end":{"line":7,"column":56}},"7":{"start":{"line":8,"column":16},"end":{"line":8,"column":60}},"8":{"start":{"line":9,"column":16},"end":{"line":9,"column":60}},"9":{"start":{"line":10,"column":14},"end":{"line":10,"column":56}},"10":{"start":{"line":11,"column":15},"end":{"line":11,"column":46}},"11":{"start":{"line":13,"column":21},"end":{"line":115,"column":1}},"12":{"start":{"line":14,"column":17},"end":{"line":17,"column":4}},"13":{"start":{"line":19,"column":2},"end":{"line":23,"column":5}},"14":{"start":{"line":25,"column":2},"end":{"line":39,"column":5}},"15":{"start":{"line":33,"column":30},"end":{"line":38,"column":5}},"16":{"start":{"line":41,"column":2},"end":{"line":66,"column":5}},"17":{"start":{"line":68,"column":2},"end":{"line":74,"column":5}},"18":{"start":{"line":71,"column":20},"end":{"line":73,"column":5}},"19":{"start":{"line":76,"column":2},"end":{"line":112,"column":5}},"20":{"start":{"line":78,"column":25},"end":{"line":78,"column":32}},"21":{"start":{"line":80,"column":4},"end":{"line":108,"column":5}},"22":{"start":{"line":82,"column":30},"end":{"line":82,"column":71}},"23":{"start":{"line":85,"column":6},"end":{"line":92,"column":7}},"24":{"start":{"line":86,"column":28},"end":{"line":89,"column":10}},"25":{"start":{"line":90,"column":8},"end":{"line":90,"column":53}},"26":{"start":{"line":91,"column":8},"end":{"line":91,"column":27}},"27":{"start":{"line":95,"column":6},"end":{"line":97,"column":7}},"28":{"start":{"line":96,"column":8},"end":{"line":96,"column":26}},"29":{"start":{"line":102,"column":26},"end":{"line":105,"column":8}},"30":{"start":{"line":106,"column":6},"end":{"line":106,"column":28}},"31":{"start":{"line":107,"column":6},"end":{"line":107,"column":25}},"32":{"start":{"line":111,"column":4},"end":{"line":111,"column":22}},"33":{"start":{"line":114,"column":2},"end":{"line":114,"column":16}},"34":{"start":{"line":117,"column":0},"end":{"line":117,"column":30}}},"fnMap":{"0":{"name":"(anonymous_0)","decl":{"start":{"line":13,"column":21},"end":{"line":13,"column":22}},"loc":{"start":{"line":13,"column":42},"end":{"line":115,"column":1}},"line":13},"1":{"name":"(anonymous_1)","decl":{"start":{"line":33,"column":14},"end":{"line":33,"column":15}},"loc":{"start":{"line":33,"column":30},"end":{"line":38,"column":5}},"line":33},"2":{"name":"(anonymous_2)","decl":{"start":{"line":71,"column":13},"end":{"line":71,"column":14}},"loc":{"start":{"line":71,"column":20},"end":{"line":73,"column":5}},"line":71},"3":{"name":"(anonymous_3)","decl":{"start":{"line":76,"column":30},"end":{"line":76,"column":31}},"loc":{"start":{"line":76,"column":46},"end":{"line":112,"column":3}},"line":76}},"branchMap":{"0":{"loc":{"start":{"line":80,"column":4},"end":{"line":108,"column":5}},"type":"if","locations":[{"start":{"line":80,"column":4},"end":{"line":108,"column":5}},{"start":{},"end":{}}],"line":80},"1":{"loc":{"start":{"line":85,"column":6},"end":{"line":92,"column":7}},"type":"if","locations":[{"start":{"line":85,"column":6},"end":{"line":92,"column":7}},{"start":{},"end":{}}],"line":85},"2":{"loc":{"start":{"line":95,"column":6},"end":{"line":97,"column":7}},"type":"if","locations":[{"start":{"line":95,"column":6},"end":{"line":97,"column":7}},{"start":{},"end":{}}],"line":95}},"s":{"0":7,"1":7,"2":7,"3":7,"4":7,"5":7,"6":7,"7":7,"8":7,"9":7,"10":7,"11":7,"12":46,"13":46,"14":46,"15":11,"16":46,"17":46,"18":1,"19":46,"20":71,"21":71,"22":34,"23":34,"24":32,"25":32,"26":32,"27":2,"28":1,"29":1,"30":1,"31":1,"32":37,"33":46,"34":7},"f":{"0":46,"1":11,"2":1,"3":71},"b":{"0":[34,37],"1":[32,2],"2":[1,1]},"_coverageSchema":"1a1c01bbd47fc00a2c39e90264f33305004495a9","hash":"f632dbf942f2700d25a41f34
[...]
,"D:\\Dicoding Academy\\AWS\\EXPERT\\forum-api-backend\\src\\Interfaces\\http\\api\\authentications\\index.js": {"path":"D:\\Dicoding Academy\\AWS\\EXPERT\\forum-api-backend\\src\\Interfaces\\http\\api\\authentications\\index.js","statementMap":{"0":{"start":{"line":1,"column":15},"end":{"line":1,"column":34}},"1":{"start":{"line":2,"column":31},"end":{"line":2,"column":51}},"2":{"start":{"line":4,"column":0},"end":{"line":10,"column":2}},"3":{"start":{"line":7,"column":35},"end":{"line":7,"column":72}},"4":{"start":{"line":8,"column":4},"end":{"line":8,"column":49}}},"fnMap":{"0":{"name":"(anonymous_0)","decl":{"start":{"line":6,"column":12},"end":{"line":6,"column":13}},"loc":{"start":{"line":6,"column":45},"end":{"line":9,"column":3}},"line":6}},"branchMap":{},"s":{"0":7,"1":7,"2":7,"3":46,"4":46},"f":{"0":46},"b":{},"_coverageSchema":"1a1c01bbd47fc00a2c39e90264f33305004495a9","hash":"cc7f978aed7a640871b53218e74d4b1f0257e139"}
,"D:\\Dicoding Academy\\AWS\\EXPERT\\forum-api-backend\\src\\Interfaces\\http\\api\\authentications\\routes.js": {"path":"D:\\Dicoding Academy\\AWS\\EXPERT\\forum-api-backend\\src\\Interfaces\\http\\api\\authentications\\routes.js","statementMap":{"0":{"start":{"line":1,"column":15},"end":{"line":17,"column":2}},"1":{"start":{"line":1,"column":29},"end":{"line":17,"column":1}},"2":{"start":{"line":19,"column":0},"end":{"line":19,"column":24}}},"fnMap":{"0":{"name":"(anonymous_0)","decl":{"start":{"line":1,"column":15},"end":{"line":1,"column":16}},"loc":{"start":{"line":1,"column":29},"end":{"line":17,"column":1}},"line":1}},"branchMap":{},"s":{"0":7,"1":46,"2":7},"f":{"0":46},"b":{},"_coverageSchema":"1a1c01bbd47fc00a2c39e90264f33305004495a9","hash":"5fdbdab9960cfc04308342a16757e9ec1d8bdf1b"}
,"D:\\Dicoding Academy\\AWS\\EXPERT\\forum-api-backend\\src\\Interfaces\\http\\api\\comments\\handler.js": {"path":"D:\\Dicoding Academy\\AWS\\EXPERT\\forum-api-backend\\src\\Interfaces\\http\\api\\comments\\handler.js","statementMap":{"0":{"start":{"line":1,"column":23},"end":{"line":1,"column":82}},"1":{"start":{"line":5,"column":4},"end":{"line":5,"column":32}},"2":{"start":{"line":7,"column":4},"end":{"line":7,"column":65}},"3":{"start":{"line":8,"column":4},"end":{"line":8,"column":69}},"4":{"start":{"line":12,"column":28},"end":{"line":12,"column":52}},"5":{"start":{"line":13,"column":29},"end":{"line":13,"column":43}},"6":{"start":{"line":14,"column":27},"end":{"line":14,"column":75}},"7":{"start":{"line":15,"column":25},"end":{"line":15,"column":92}},"8":{"start":{"line":17,"column":21},"end":{"line":22,"column":6}},"9":{"start":{"line":24,"column":4},"end":{"line":24,"column":23}},"10":{"start":{"line":25,"column":4},"end":{"line":25,"column":20}},"11":{"start":{"line":29,"column":26},"end":{"line":29,"column":40}},"12":{"start":{"line":30,"column":27},"end":{"line":30,"column":51}},"13":{"start":{"line":31,"column":27},"end":{"line":31,"column":75}},"14":{"start":{"line":32,"column":4},"end":{"line":32,"column":58}},"15":{"start":{"line":34,"column":4},"end":{"line":36,"column":6}},"16":{"start":{"line":40,"column":0},"end":{"line":40,"column":33}}},"fnMap":{"0":{"name":"(anonymous_0)","decl":{"start":{"line":4,"column":2},"end":{"line":4,"column":3}},"loc":{"start":{"line":4,"column":25},"end":{"line":9,"column":3}},"line":4},"1":{"name":"(anonymous_1)","decl":{"start":{"line":11,"column":2},"end":{"line":11,"column":3}},"loc":{"start":{"line":11,"column":39},"end":{"line":26,"column":3}},"line":11},"2":{"name":"(anonymous_2)","decl":{"start":{"line":28,"column":2},"end":{"line":28,"column":3}},"loc":{"start":{"line":28,"column":38},"end":{"line":37,"column":3}},"line":28}},"branchMap":{},"s":{"0":7,"1":46,"2":46,"3":46,"4":4,"5":4,"6":4,"7":4,"8":2,"9":2,"10":2,"11":3,"12":3,"13":3,"14":3,"15":1,"16":7},"f":{"0":46,"1":4,"2":3},"b":{},"_coverageSchema":"1a1c01bbd47fc00a2c39e90264f33305004495a9","hash":"90a59941459f33527e494e53fea2080af7dbe736"}
,"D:\\Dicoding Academy\\AWS\\EXPERT\\forum-api-backend\\src\\Interfaces\\http\\api\\comments\\index.js": {"path":"D:\\Dicoding Academy\\AWS\\EXPERT\\forum-api-backend\\src\\Interfaces\\http\\api\\comments\\index.js","statementMap":{"0":{"start":{"line":1,"column":24},"end":{"line":1,"column":44}},"1":{"start":{"line":2,"column":15},"end":{"line":2,"column":34}},"2":{"start":{"line":4,"column":0},"end":{"line":10,"column":2}},"3":{"start":{"line":7,"column":28},"end":{"line":7,"column":58}},"4":{"start":{"line":8,"column":4},"end":{"line":8,"column":42}}},"fnMap":{"0":{"name":"(anonymous_0)","decl":{"start":{"line":6,"column":12},"end":{"line":6,"column":13}},"loc":{"start":{"line":6,"column":45},"end":{"line":9,"column":3}},"line":6}},"branchMap":{},"s":{"0":7,"1":7,"2":7,"3":46,"4":46},"f":{"0":46},"b":{},"_coverageSchema":"1a1c01bbd47fc00a2c39e90264f33305004495a9","hash":"54980622ca1cc688410d80d2ab2f41e913d07563"}
,"D:\\Dicoding Academy\\AWS\\EXPERT\\forum-api-backend\\src\\Interfaces\\http\\api\\comments\\routes.js": {"path":"D:\\Dicoding Academy\\AWS\\EXPERT\\forum-api-backend\\src\\Interfaces\\http\\api\\comments\\routes.js","statementMap":{"0":{"start":{"line":1,"column":15},"end":{"line":18,"column":2}},"1":{"start":{"line":1,"column":29},"end":{"line":18,"column":1}},"2":{"start":{"line":20,"column":0},"end":{"line":20,"column":24}}},"fnMap":{"0":{"name":"(anonymous_0)","decl":{"start":{"line":1,"column":15},"end":{"line":1,"column":16}},"loc":{"start":{"line":1,"column":29},"end":{"line":18,"column":1}},"line":1}},"branchMap":{},"s":{"0":7,"1":46,"2":7},"f":{"0":46},"b":{},"_coverageSchema":"1a1c01bbd47fc00a2c39e90264f33305004495a9","hash":"9e79af6a859a58444d3ed07d457f716756ff891f"}
,"D:\\Dicoding Academy\\AWS\\EXPERT\\forum-api-backend\\src\\Interfaces\\http\\api\\likes\\handler.js": {"path":"D:\\Dicoding Academy\\AWS\\EXPERT\\forum-api-backend\\src\\Interfaces\\http\\api\\likes\\handler.js","statementMap":{"0":{"start":{"line":1,"column":20},"end":{"line":1,"column":76}},"1":{"start":{"line":5,"column":4},"end":{"line":5,"column":32}},"2":{"start":{"line":7,"column":4},"end":{"line":7,"column":57}},"3":{"start":{"line":11,"column":28},"end":{"line":11,"column":52}},"4":{"start":{"line":12,"column":36},"end":{"line":12,"column":50}},"5":{"start":{"line":13,"column":24},"end":{"line":13,"column":69}},"6":{"start":{"line":15,"column":4},"end":{"line":19,"column":6}},"7":{"start":{"line":21,"column":4},"end":{"line":23,"column":6}},"8":{"start":{"line":27,"column":0},"end":{"line":27,"column":30}}},"fnMap":{"0":{"name":"(anonymous_0)","decl":{"start":{"line":4,"column":2},"end":{"line":4,"column":3}},"loc":{"start":{"line":4,"column":25},"end":{"line":8,"column":3}},"line":4},"1":{"name":"(anonymous_1)","decl":{"start":{"line":10,"column":2},"end":{"line":10,"column":3}},"loc":{"start":{"line":10,"column":32},"end":{"line":24,"column":3}},"line":10}},"branchMap":{},"s":{"0":7,"1":46,"2":46,"3":1,"4":1,"5":1,"6":1,"7":1,"8":7},"f":{"0":46,"1":1},"b":{},"_coverageSchema":"1a1c01bbd47fc00a2c39e90264f33305004495a9","hash":"c3282f6e8ede1a410a0ef44118a4b1b48a5912ca"}
,"D:\\Dicoding Academy\\AWS\\EXPERT\\forum-api-backend\\src\\Interfaces\\http\\api\\likes\\index.js": {"path":"D:\\Dicoding Academy\\AWS\\EXPERT\\forum-api-backend\\src\\Interfaces\\http\\api\\likes\\index.js","statementMap":{"0":{"start":{"line":1,"column":21},"end":{"line":1,"column":41}},"1":{"start":{"line":2,"column":15},"end":{"line":2,"column":34}},"2":{"start":{"line":4,"column":0},"end":{"line":10,"column":2}},"3":{"start":{"line":7,"column":25},"end":{"line":7,"column":52}},"4":{"start":{"line":8,"column":4},"end":{"line":8,"column":39}}},"fnMap":{"0":{"name":"(anonymous_0)","decl":{"start":{"line":6,"column":12},"end":{"line":6,"column":13}},"loc":{"start":{"line":6,"column":45},"end":{"line":9,"column":3}},"line":6}},"branchMap":{},"s":{"0":7,"1":7,"2":7,"3":46,"4":46},"f":{"0":46},"b":{},"_coverageSchema":"1a1c01bbd47fc00a2c39e90264f33305004495a9","hash":"37497c063fde5c2613105febc18632c1b94e528c"}
,"D:\\Dicoding Academy\\AWS\\EXPERT\\forum-api-backend\\src\\Interfaces\\http\\api\\likes\\routes.js": {"path":"D:\\Dicoding Academy\\AWS\\EXPERT\\forum-api-backend\\src\\Interfaces\\http\\api\\likes\\routes.js","statementMap":{"0":{"start":{"line":1,"column":15},"end":{"line":10,"column":2}},"1":{"start":{"line":1,"column":29},"end":{"line":10,"column":1}},"2":{"start":{"line":12,"column":0},"end":{"line":12,"column":24}}},"fnMap":{"0":{"name":"(anonymous_0)","decl":{"start":{"line":1,"column":15},"end":{"line":1,"column":16}},"loc":{"start":{"line":1,"column":29},"end":{"line":10,"column":1}},"line":1}},"branchMap":{},"s":{"0":7,"1":46,"2":7},"f":{"0":46},"b":{},"_coverageSchema":"1a1c01bbd47fc00a2c39e90264f33305004495a9","hash":"6a4dad9b0c1eb3b727f8fe5268fd4e099b918c8d"}
,"D:\\Dicoding Academy\\AWS\\EXPERT\\forum-api-backend\\src\\Interfaces\\http\\api\\replies\\handler.js": {"path":"D:\\Dicoding Academy\\AWS\\EXPERT\\forum-api-backend\\src\\Interfaces\\http\\api\\replies\\handler.js","statementMap":{"0":{"start":{"line":1,"column":21},"end":{"line":1,"column":78}},"1":{"start":{"line":5,"column":4},"end":{"line":5,"column":32}},"2":{"start":{"line":7,"column":4},"end":{"line":7,"column":61}},"3":{"start":{"line":8,"column":4},"end":{"line":8,"column":65}},"4":{"start":{"line":12,"column":28},"end":{"line":12,"column":52}},"5":{"start":{"line":13,"column":36},"end":{"line":13,"column":50}},"6":{"start":{"line":14,"column":25},"end":{"line":14,"column":71}},"7":{"start":{"line":15,"column":23},"end":{"line":20,"column":5}},"8":{"start":{"line":22,"column":21},"end":{"line":27,"column":6}},"9":{"start":{"line":29,"column":4},"end":{"line":29,"column":23}},"10":{"start":{"line":30,"column":4},"end":{"line":30,"column":20}},"11":{"start":{"line":34,"column":24},"end":{"line":34,"column":38}},"12":{"start":{"line":35,"column":27},"end":{"line":35,"column":51}},"13":{"start":{"line":36,"column":25},"end":{"line":36,"column":71}},"14":{"start":{"line":37,"column":4},"end":{"line":37,"column":52}},"15":{"start":{"line":39,"column":4},"end":{"line":41,"column":6}},"16":{"start":{"line":45,"column":0},"end":{"line":45,"column":32}}},"fnMap":{"0":{"name":"(anonymous_0)","decl":{"start":{"line":4,"column":2},"end":{"line":4,"column":3}},"loc":{"start":{"line":4,"column":25},"end":{"line":9,"column":3}},"line":4},"1":{"name":"(anonymous_1)","decl":{"start":{"line":11,"column":2},"end":{"line":11,"column":3}},"loc":{"start":{"line":11,"column":37},"end":{"line":31,"column":3}},"line":11},"2":{"name":"(anonymous_2)","decl":{"start":{"line":33,"column":2},"end":{"line":33,"column":3}},"loc":{"start":{"line":33,"column":36},"end":{"line":42,"column":3}},"line":33}},"branchMap":{},"s":{"0":7,"1":46,"2":46,"3":46,"4":4,"5":4,"6":4,"7":4,"8":2,"9":2,"10":2,"11":3,"12":3,"13":3,"14":3,"15":1,"16":7},"f":{"0":46,"1":4,"2":3},"b":{},"_coverageSchema":"1a1c01bbd47fc00a2c39e90264f33305004495a9","hash":"ac5075f3f49191bd5367f79691566a54661bd1b2"}
,"D:\\Dicoding Academy\\AWS\\EXPERT\\forum-api-backend\\src\\Interfaces\\http\\api\\replies\\index.js": {"path":"D:\\Dicoding Academy\\AWS\\EXPERT\\forum-api-backend\\src\\Interfaces\\http\\api\\replies\\index.js","statementMap":{"0":{"start":{"line":1,"column":23},"end":{"line":1,"column":43}},"1":{"start":{"line":2,"column":15},"end":{"line":2,"column":34}},"2":{"start":{"line":4,"column":0},"end":{"line":10,"column":2}},"3":{"start":{"line":7,"column":27},"end":{"line":7,"column":56}},"4":{"start":{"line":8,"column":4},"end":{"line":8,"column":41}}},"fnMap":{"0":{"name":"(anonymous_0)","decl":{"start":{"line":6,"column":12},"end":{"line":6,"column":13}},"loc":{"start":{"line":6,"column":45},"end":{"line":9,"column":3}},"line":6}},"branchMap":{},"s":{"0":7,"1":7,"2":7,"3":46,"4":46},"f":{"0":46},"b":{},"_coverageSchema":"1a1c01bbd47fc00a2c39e90264f33305004495a9","hash":"b40c063981a0c875bc533efa9f5cac7f2a472d81"}
,"D:\\Dicoding Academy\\AWS\\EXPERT\\forum-api-backend\\src\\Interfaces\\http\\api\\replies\\routes.js": {"path":"D:\\Dicoding Academy\\AWS\\EXPERT\\forum-api-backend\\src\\Interfaces\\http\\api\\replies\\routes.js","statementMap":{"0":{"start":{"line":1,"column":15},"end":{"line":18,"column":2}},"1":{"start":{"line":1,"column":29},"end":{"line":18,"column":1}},"2":{"start":{"line":20,"column":0},"end":{"line":20,"column":24}}},"fnMap":{"0":{"name":"(anonymous_0)","decl":{"start":{"line":1,"column":15},"end":{"line":1,"column":16}},"loc":{"start":{"line":1,"column":29},"end":{"line":18,"column":1}},"line":1}},"branchMap":{},"s":{"0":7,"1":46,"2":7},"f":{"0":46},"b":{},"_coverageSchema":"1a1c01bbd47fc00a2c39e90264f33305004495a9","hash":"604b90209a4c4909e660169c397cde23e346b259"}
,"D:\\Dicoding Academy\\AWS\\EXPERT\\forum-api-backend\\src\\Interfaces\\http\\api\\threads\\handler.js": {"path":"D:\\Dicoding Academy\\AWS\\EXPERT\\forum-api-backend\\src\\Interfaces\\http\\api\\threads\\handler.js","statementMap":{"0":{"start":{"line":1,"column":22},"end":{"line":1,"column":80}},"1":{"start":{"line":5,"column":4},"end":{"line":5,"column":32}},"2":{"start":{"line":7,"column":4},"end":{"line":7,"column":63}},"3":{"start":{"line":8,"column":4},"end":{"line":8,"column":61}},"4":{"start":{"line":12,"column":28},"end":{"line":12,"column":52}},"5":{"start":{"line":13,"column":26},"end":{"line":13,"column":73}},"6":{"start":{"line":14,"column":24},"end":{"line":14,"column":79}},"7":{"start":{"line":16,"column":21},"end":{"line":21,"column":6}},"8":{"start":{"line":23,"column":4},"end":{"line":23,"column":23}},"9":{"start":{"line":24,"column":4},"end":{"line":24,"column":20}},"10":{"start":{"line":28,"column":29},"end":{"line":28,"column":43}},"11":{"start":{"line":29,"column":26},"end":{"line":29,"column":73}},"12":{"start":{"line":31,"column":19},"end":{"line":31,"column":58}},"13":{"start":{"line":33,"column":4},"end":{"line":38,"column":6}},"14":{"start":{"line":42,"column":0},"end":{"line":42,"column":32}}},"fnMap":{"0":{"name":"(anonymous_0)","decl":{"start":{"line":4,"column":2},"end":{"line":4,"column":3}},"loc":{"start":{"line":4,"column":25},"end":{"line":9,"column":3}},"line":4},"1":{"name":"(anonymous_1)","decl":{"start":{"line":11,"column":2},"end":{"line":11,"column":3}},"loc":{"start":{"line":11,"column":38},"end":{"line":25,"column":3}},"line":11},"2":{"name":"(anonymous_2)","decl":{"start":{"line":27,"column":2},"end":{"line":27,"column":3}},"loc":{"start":{"line":27,"column":34},"end":{"line":39,"column":3}},"line":27}},"branchMap":{},"s":{"0":7,"1":46,"2":46,"3":46,"4":4,"5":4,"6":4,"7":2,"8":2,"9":2,"10":1,"11":1,"12":1,"13":1,"14":7},"f":{"0":46,"1":4,"2":1},"b":{},"_coverageSchema":"1a1c01bbd47fc00a2c39e90264f33305004495a9","hash":"3dad1f03c2d561b48843596f217566d3d15ccb38"}
,"D:\\Dicoding Academy\\AWS\\EXPERT\\forum-api-backend\\src\\Interfaces\\http\\api\\threads\\index.js": {"path":"D:\\Dicoding Academy\\AWS\\EXPERT\\forum-api-backend\\src\\Interfaces\\http\\api\\threads\\index.js","statementMap":{"0":{"start":{"line":1,"column":23},"end":{"line":1,"column":43}},"1":{"start":{"line":2,"column":15},"end":{"line":2,"column":34}},"2":{"start":{"line":4,"column":0},"end":{"line":10,"column":2}},"3":{"start":{"line":7,"column":27},"end":{"line":7,"column":56}},"4":{"start":{"line":8,"column":4},"end":{"line":8,"column":41}}},"fnMap":{"0":{"name":"(anonymous_0)","decl":{"start":{"line":6,"column":12},"end":{"line":6,"column":13}},"loc":{"start":{"line":6,"column":45},"end":{"line":9,"column":3}},"line":6}},"branchMap":{},"s":{"0":7,"1":7,"2":7,"3":46,"4":46},"f":{"0":46},"b":{},"_coverageSchema":"1a1c01bbd47fc00a2c39e90264f33305004495a9","hash":"56cb6cd5d994c4916bd735a2e0b58df0642af3a3"}
,"D:\\Dicoding Academy\\AWS\\EXPERT\\forum-api-backend\\src\\Interfaces\\http\\api\\threads\\routes.js": {"path":"D:\\Dicoding Academy\\AWS\\EXPERT\\forum-api-backend\\src\\Interfaces\\http\\api\\threads\\routes.js","statementMap":{"0":{"start":{"line":1,"column":15},"end":{"line":15,"column":2}},"1":{"start":{"line":1,"column":29},"end":{"line":15,"column":1}},"2":{"start":{"line":17,"column":0},"end":{"line":17,"column":24}}},"fnMap":{"0":{"name":"(anonymous_0)","decl":{"start":{"line":1,"column":15},"end":{"line":1,"column":16}},"loc":{"start":{"line":1,"column":29},"end":{"line":15,"column":1}},"line":1}},"branchMap":{},"s":{"0":7,"1":46,"2":7},"f":{"0":46},"b":{},"_coverageSchema":"1a1c01bbd47fc00a2c39e90264f33305004495a9","hash":"6511fbbd902bb1b94d6a83b87f90d8bd8ef0c628"}
,"D:\\Dicoding Academy\\AWS\\EXPERT\\forum-api-backend\\src\\Interfaces\\http\\api\\users\\handler.js": {"path":"D:\\Dicoding Academy\\AWS\\EXPERT\\forum-api-backend\\src\\Interfaces\\http\\api\\users\\handler.js","statementMap":{"0":{"start":{"line":1,"column":23},"end":{"line":1,"column":82}},"1":{"start":{"line":5,"column":4},"end":{"line":5,"column":32}},"2":{"start":{"line":7,"column":4},"end":{"line":7,"column":59}},"3":{"start":{"line":11,"column":27},"end":{"line":11,"column":75}},"4":{"start":{"line":12,"column":22},"end":{"line":12,"column":67}},"5":{"start":{"line":14,"column":21},"end":{"line":19,"column":6}},"6":{"start":{"line":20,"column":4},"end":{"line":20,"column":23}},"7":{"start":{"line":21,"column":4},"end":{"line":21,"column":20}},"8":{"start":{"line":25,"column":0},"end":{"line":25,"column":30}}},"fnMap":{"0":{"name":"(anonymous_0)","decl":{"start":{"line":4,"column":2},"end":{"line":4,"column":3}},"loc":{"start":{"line":4,"column":25},"end":{"line":8,"column":3}},"line":4},"1":{"name":"(anonymous_1)","decl":{"start":{"line":10,"column":2},"end":{"line":10,"column":3}},"loc":{"start":{"line":10,"column":36},"end":{"line":22,"column":3}},"line":10}},"branchMap":{},"s":{"0":7,"1":46,"2":46,"3":19,"4":18,"5":13,"6":13,"7":13,"8":7},"f":{"0":46,"1":19},"b":{},"_coverageSchema":"1a1c01bbd47fc00a2c39e90264f33305004495a9","hash":"58e40eac2813897fe581d475c6f2c6ee215f4711"}
,"D:\\Dicoding Academy\\AWS\\EXPERT\\forum-api-backend\\src\\Interfaces\\http\\api\\users\\index.js": {"path":"D:\\Dicoding Academy\\AWS\\EXPERT\\forum-api-backend\\src\\Interfaces\\http\\api\\users\\index.js","statementMap":{"0":{"start":{"line":1,"column":21},"end":{"line":1,"column":41}},"1":{"start":{"line":2,"column":15},"end":{"line":2,"column":34}},"2":{"start":{"line":4,"column":0},"end":{"line":10,"column":2}},"3":{"start":{"line":7,"column":25},"end":{"line":7,"column":52}},"4":{"start":{"line":8,"column":4},"end":{"line":8,"column":39}}},"fnMap":{"0":{"name":"(anonymous_0)","decl":{"start":{"line":6,"column":12},"end":{"line":6,"column":13}},"loc":{"start":{"line":6,"column":45},"end":{"line":9,"column":3}},"line":6}},"branchMap":{},"s":{"0":7,"1":7,"2":7,"3":46,"4":46},"f":{"0":46},"b":{},"_coverageSchema":"1a1c01bbd47fc00a2c39e90264f33305004495a9","hash":"96d7f37e1930f266aec12ea335c77043e16369c4"}
,"D:\\Dicoding Academy\\AWS\\EXPERT\\forum-api-backend\\src\\Interfaces\\http\\api\\users\\routes.js": {"path":"D:\\Dicoding Academy\\AWS\\EXPERT\\forum-api-backend\\src\\Interfaces\\http\\api\\users\\routes.js","statementMap":{"0":{"start":{"line":1,"column":15},"end":{"line":7,"column":2}},"1":{"start":{"line":1,"column":29},"end":{"line":7,"column":1}},"2":{"start":{"line":9,"column":0},"end":{"line":9,"column":24}}},"fnMap":{"0":{"name":"(anonymous_0)","decl":{"start":{"line":1,"column":15},"end":{"line":1,"column":16}},"loc":{"start":{"line":1,"column":29},"end":{"line":7,"column":1}},"line":1}},"branchMap":{},"s":{"0":7,"1":46,"2":7},"f":{"0":46},"b":{},"_coverageSchema":"1a1c01bbd47fc00a2c39e90264f33305004495a9","hash":"59a746ef2a2b95d75163f5a717197eae92c6089a"}
}
