TN:
SF:src\Applications\security\AuthenticationTokenManager.js
FN:3,(anonymous_0)
FN:7,(anonymous_1)
FN:11,(anonymous_2)
FN:15,(anonymous_3)
FNF:4
FNH:4
FNDA:1,(anonymous_0)
FNDA:1,(anonymous_1)
FNDA:1,(anonymous_2)
FNDA:1,(anonymous_3)
DA:4,1
DA:8,1
DA:12,1
DA:16,1
DA:20,10
LF:5
LH:5
BRF:0
BRH:0
end_of_record
TN:
SF:src\Applications\security\PasswordHash.js
FN:3,(anonymous_0)
FN:7,(anonymous_1)
FNF:2
FNH:2
FNDA:1,(anonymous_0)
FNDA:1,(anonymous_1)
DA:4,1
DA:8,1
DA:12,10
LF:3
LH:3
BRF:0
BRH:0
end_of_record
TN:
SF:src\Applications\use_case\AddUserUseCase.js
FN:4,(anonymous_0)
FN:9,(anonymous_1)
FNF:2
FNH:2
FNDA:7,(anonymous_0)
FNDA:19,(anonymous_1)
DA:1,8
DA:5,7
DA:6,7
DA:10,19
DA:11,15
DA:12,14
DA:13,14
DA:17,8
LF:8
LH:8
BRF:0
BRH:0
end_of_record
TN:
SF:src\Applications\use_case\CommentUseCase.js
FN:4,(anonymous_0)
FN:9,(anonymous_1)
FN:24,(anonymous_2)
FNF:3
FNH:3
FNDA:7,(anonymous_0)
FNDA:7,(anonymous_1)
FNDA:6,(anonymous_2)
DA:1,8
DA:5,7
DA:6,7
DA:10,7
DA:11,1
DA:14,6
DA:15,1
DA:18,5
DA:19,5
DA:21,3
DA:25,6
DA:26,1
DA:29,5
DA:30,1
DA:33,4
DA:34,3
DA:35,2
DA:39,8
LF:18
LH:18
BRDA:10,0,0,1
BRDA:10,0,1,6
BRDA:10,1,0,7
BRDA:10,1,1,6
BRDA:14,2,0,1
BRDA:14,2,1,5
BRDA:14,3,0,6
BRDA:14,3,1,5
BRDA:25,4,0,1
BRDA:25,4,1,5
BRDA:29,5,0,1
BRDA:29,5,1,4
BRF:12
BRH:12
end_of_record
TN:
SF:src\Applications\use_case\DeleteAuthenticationUseCase.js
FN:2,(anonymous_0)
FN:8,(anonymous_1)
FN:15,(anonymous_2)
FNF:3
FNH:3
FNDA:3,(anonymous_0)
FNDA:3,(anonymous_1)
FNDA:3,(anonymous_2)
DA:5,3
DA:9,3
DA:10,1
DA:11,1
DA:12,1
DA:16,3
DA:17,3
DA:18,1
DA:21,2
DA:22,1
DA:27,1
LF:11
LH:11
BRDA:17,0,0,1
BRDA:17,0,1,2
BRDA:21,1,0,1
BRDA:21,1,1,1
BRF:4
BRH:4
end_of_record
TN:
SF:src\Applications\use_case\LikeUseCase.js
FN:2,(anonymous_0)
FN:8,(anonymous_1)
FNF:2
FNH:2
FNDA:3,(anonymous_0)
FNDA:3,(anonymous_1)
DA:3,3
DA:4,3
DA:5,3
DA:9,3
DA:10,3
DA:11,3
DA:13,3
DA:14,1
DA:17,2
DA:21,8
LF:10
LH:10
BRDA:13,0,0,1
BRDA:13,0,1,2
BRF:2
BRH:2
end_of_record
TN:
SF:src\Applications\use_case\LoginUserUseCase.js
FN:5,(anonymous_0)
FN:17,(anonymous_1)
FNF:2
FNH:2
FNDA:6,(anonymous_0)
FNDA:16,(anonymous_1)
DA:1,8
DA:2,8
DA:11,6
DA:12,6
DA:13,6
DA:14,6
DA:18,16
DA:20,14
DA:22,13
DA:24,12
DA:26,12
DA:28,12
DA:31,12
DA:36,12
DA:38,12
DA:42,8
LF:16
LH:16
BRF:0
BRH:0
end_of_record
TN:
SF:src\Applications\use_case\LogoutUserUseCase.js
FN:2,(anonymous_0)
FN:8,(anonymous_1)
FN:15,(anonymous_2)
FNF:3
FNH:3
FNDA:4,(anonymous_0)
FNDA:7,(anonymous_1)
FNDA:7,(anonymous_2)
DA:5,4
DA:9,7
DA:10,3
DA:11,3
DA:12,2
DA:16,7
DA:17,7
DA:18,2
DA:21,5
DA:22,2
DA:27,8
LF:11
LH:11
BRDA:17,0,0,2
BRDA:17,0,1,5
BRDA:21,1,0,2
BRDA:21,1,1,3
BRF:4
BRH:4
end_of_record
TN:
SF:src\Applications\use_case\RefreshAuthenticationUseCase.js
FN:2,(anonymous_0)
FN:10,(anonymous_1)
FN:22,(anonymous_2)
FNF:3
FNH:3
FNDA:4,(anonymous_0)
FNDA:8,(anonymous_1)
FNDA:8,(anonymous_2)
DA:6,4
DA:7,4
DA:11,8
DA:12,4
DA:14,4
DA:15,3
DA:17,2
DA:19,2
DA:23,8
DA:25,8
DA:26,2
DA:29,6
DA:30,2
DA:35,8
LF:14
LH:14
BRDA:25,0,0,2
BRDA:25,0,1,6
BRDA:29,1,0,2
BRDA:29,1,1,4
BRF:4
BRH:4
end_of_record
TN:
SF:src\Applications\use_case\ReplyUseCase.js
FN:4,(anonymous_0)
FN:10,(anonymous_1)
FN:26,(anonymous_2)
FNF:3
FNH:3
FNDA:7,(anonymous_0)
FNDA:7,(anonymous_1)
FNDA:6,(anonymous_2)
DA:1,8
DA:5,7
DA:6,7
DA:7,7
DA:11,7
DA:12,1
DA:15,6
DA:16,1
DA:19,5
DA:20,5
DA:21,5
DA:23,3
DA:27,6
DA:28,1
DA:31,5
DA:32,1
DA:35,4
DA:36,3
DA:37,2
DA:41,8
LF:20
LH:20
BRDA:11,0,0,1
BRDA:11,0,1,6
BRDA:11,1,0,7
BRDA:11,1,1,6
BRDA:15,2,0,1
BRDA:15,2,1,5
BRDA:15,3,0,6
BRDA:15,3,1,5
BRDA:27,4,0,1
BRDA:27,4,1,5
BRDA:31,5,0,1
BRDA:31,5,1,4
BRF:12
BRH:12
end_of_record
TN:
SF:src\Applications\use_case\ThreadUseCase.js
FN:7,(anonymous_0)
FN:19,(anonymous_1)
FN:33,(anonymous_2)
FN:46,(anonymous_3)
FN:50,(anonymous_4)
FN:54,(anonymous_5)
FN:54,(anonymous_6)
FN:60,(anonymous_7)
FNF:8
FNH:8
FNDA:7,(anonymous_0)
FNDA:7,(anonymous_1)
FNDA:4,(anonymous_2)
FNDA:2,(anonymous_3)
FNDA:2,(anonymous_4)
FNDA:6,(anonymous_5)
FNDA:3,(anonymous_6)
FNDA:6,(anonymous_7)
DA:1,8
DA:2,8
DA:3,8
DA:4,8
DA:13,7
DA:14,7
DA:15,7
DA:16,7
DA:20,7
DA:21,1
DA:24,6
DA:25,1
DA:28,5
DA:30,3
DA:34,4
DA:35,1
DA:38,3
DA:39,1
DA:42,2
DA:43,2
DA:44,2
DA:46,2
DA:47,2
DA:48,2
DA:50,2
DA:51,2
DA:54,6
DA:55,3
DA:60,6
DA:64,2
DA:71,8
LF:31
LH:31
BRDA:20,0,0,1
BRDA:20,0,1,6
BRDA:24,1,0,1
BRDA:24,1,1,5
BRDA:34,2,0,1
BRDA:34,2,1,3
BRDA:38,3,0,1
BRDA:38,3,1,2
BRDA:53,4,0,1
BRDA:53,4,1,1
BRDA:57,5,0,2
BRDA:57,5,1,1
BRF:12
BRH:12
end_of_record
TN:
SF:src\Commons\config.js
FNF:0
FNH:0
DA:1,7
DA:9,7
LF:2
LH:2
BRF:0
BRH:0
end_of_record
TN:
SF:src\Commons\exceptions\AuthenticationError.js
FN:4,(anonymous_0)
FNF:1
FNH:1
FNDA:12,(anonymous_0)
DA:1,10
DA:5,12
DA:6,12
DA:10,10
LF:4
LH:4
BRF:0
BRH:0
end_of_record
TN:
SF:src\Commons\exceptions\AuthorizationError.js
FN:4,(anonymous_0)
FNF:1
FNH:1
FNDA:5,(anonymous_0)
DA:1,9
DA:5,5
DA:6,5
DA:10,9
LF:4
LH:4
BRF:0
BRH:0
end_of_record
TN:
SF:src\Commons\exceptions\ClientError.js
FN:2,(anonymous_0)
FNF:1
FNH:1
FNDA:169,(anonymous_0)
DA:3,169
DA:5,169
DA:6,1
DA:9,168
DA:10,168
DA:14,20
LF:6
LH:6
BRDA:2,0,0,146
BRDA:5,1,0,1
BRDA:5,1,1,168
BRF:3
BRH:3
end_of_record
TN:
SF:src\Commons\exceptions\DomainErrorTranslator.js
FN:5,(anonymous_0)
FNF:1
FNH:1
FNDA:42,(anonymous_0)
DA:1,8
DA:2,8
DA:4,8
DA:6,42
DA:10,8
DA:30,8
LF:6
LH:6
BRDA:6,0,0,42
BRDA:6,0,1,13
BRF:2
BRH:2
end_of_record
TN:
SF:src\Commons\exceptions\InvariantError.js
FN:4,(anonymous_0)
FNF:1
FNH:1
FNDA:145,(anonymous_0)
DA:1,12
DA:5,145
DA:6,145
DA:10,12
LF:4
LH:4
BRF:0
BRH:0
end_of_record
TN:
SF:src\Commons\exceptions\NotFoundError.js
FN:4,(anonymous_0)
FNF:1
FNH:1
FNDA:6,(anonymous_0)
DA:1,10
DA:5,6
DA:6,6
DA:10,10
LF:4
LH:4
BRF:0
BRH:0
end_of_record
TN:
SF:src\Domains\authentications\AuthenticationRepository.js
FN:3,(anonymous_0)
FN:7,(anonymous_1)
FN:11,(anonymous_2)
FNF:3
FNH:3
FNDA:1,(anonymous_0)
FNDA:1,(anonymous_1)
FNDA:1,(anonymous_2)
DA:4,1
DA:8,1
DA:12,1
DA:16,12
LF:4
LH:4
BRF:0
BRH:0
end_of_record
TN:
SF:src\Domains\authentications\entities\NewAuth.js
FN:2,(anonymous_0)
FN:9,(anonymous_1)
FNF:2
FNH:2
FNDA:17,(anonymous_0)
FNDA:17,(anonymous_1)
DA:3,17
DA:5,15
DA:6,15
DA:10,17
DA:12,17
DA:13,1
DA:16,16
DA:17,1
DA:22,9
LF:9
LH:9
BRDA:12,0,0,1
BRDA:12,0,1,16
BRDA:12,1,0,17
BRDA:12,1,1,17
BRDA:16,2,0,1
BRDA:16,2,1,15
BRDA:16,3,0,16
BRDA:16,3,1,16
BRF:8
BRH:8
end_of_record
TN:
SF:src\Domains\comments\CommentRepository.js
FN:3,(anonymous_0)
FN:7,(anonymous_1)
FN:11,(anonymous_2)
FN:15,(anonymous_3)
FN:19,(anonymous_4)
FN:23,(anonymous_5)
FNF:6
FNH:6
FNDA:1,(anonymous_0)
FNDA:1,(anonymous_1)
FNDA:1,(anonymous_2)
FNDA:1,(anonymous_3)
FNDA:1,(anonymous_4)
FNDA:1,(anonymous_5)
DA:4,1
DA:8,1
DA:12,1
DA:16,1
DA:20,1
DA:24,1
DA:28,12
LF:7
LH:7
BRF:0
BRH:0
end_of_record
TN:
SF:src\Domains\comments\entities\AddComment.js
FN:2,(anonymous_0)
FN:10,(anonymous_1)
FNF:2
FNH:2
FNDA:11,(anonymous_0)
FNDA:11,(anonymous_1)
DA:3,11
DA:5,7
DA:7,7
DA:11,11
DA:12,2
DA:15,9
DA:16,2
DA:21,10
LF:8
LH:8
BRDA:11,0,0,2
BRDA:11,0,1,9
BRDA:15,1,0,2
BRDA:15,1,1,7
BRF:4
BRH:4
end_of_record
TN:
SF:src\Domains\comments\entities\AddedComment.js
FN:2,(anonymous_0)
FN:12,(anonymous_1)
FNF:2
FNH:2
FNDA:10,(anonymous_0)
FNDA:10,(anonymous_1)
DA:3,10
DA:5,8
DA:7,8
DA:8,8
DA:9,8
DA:13,10
DA:14,1
DA:17,9
DA:18,1
DA:23,9
LF:10
LH:10
BRDA:13,0,0,1
BRDA:13,0,1,9
BRDA:13,1,0,10
BRDA:13,1,1,9
BRDA:13,1,2,9
BRDA:17,2,0,1
BRDA:17,2,1,8
BRDA:17,3,0,9
BRDA:17,3,1,8
BRDA:17,3,2,8
BRF:10
BRH:10
end_of_record
TN:
SF:src\Domains\comments\entities\CommentDetail.js
FN:2,(anonymous_0)
FN:22,(anonymous_1)
FNF:2
FNH:2
FNDA:7,(anonymous_0)
FNDA:7,(anonymous_1)
DA:3,7
DA:12,5
DA:14,5
DA:15,5
DA:16,5
DA:17,5
DA:18,5
DA:19,5
DA:30,7
DA:31,1
DA:34,6
DA:42,1
DA:47,9
LF:13
LH:13
BRDA:30,0,0,1
BRDA:30,0,1,6
BRDA:30,1,0,7
BRDA:30,1,1,7
BRDA:30,1,2,7
BRDA:30,1,3,7
BRDA:30,1,4,7
BRDA:34,2,0,1
BRDA:34,2,1,5
BRDA:35,3,0,6
BRDA:35,3,1,5
BRDA:35,3,2,5
BRDA:35,3,3,5
BRDA:35,3,4,5
BRDA:35,3,5,5
BRF:15
BRH:15
end_of_record
TN:
SF:src\Domains\likes\LikeRepository.js
FN:3,(anonymous_0)
FN:7,(anonymous_1)
FN:11,(anonymous_2)
FN:15,(anonymous_3)
FNF:4
FNH:4
FNDA:1,(anonymous_0)
FNDA:1,(anonymous_1)
FNDA:1,(anonymous_2)
FNDA:1,(anonymous_3)
DA:4,1
DA:8,1
DA:12,1
DA:16,1
DA:20,10
LF:5
LH:5
BRF:0
BRH:0
end_of_record
TN:
SF:src\Domains\replies\ReplyRepository.js
FN:3,(anonymous_0)
FN:7,(anonymous_1)
FN:11,(anonymous_2)
FN:15,(anonymous_3)
FN:19,(anonymous_4)
FN:23,(anonymous_5)
FNF:6
FNH:6
FNDA:1,(anonymous_0)
FNDA:1,(anonymous_1)
FNDA:1,(anonymous_2)
FNDA:1,(anonymous_3)
FNDA:1,(anonymous_4)
FNDA:1,(anonymous_5)
DA:4,1
DA:8,1
DA:12,1
DA:16,1
DA:20,1
DA:24,1
DA:28,10
LF:7
LH:7
BRF:0
BRH:0
end_of_record
TN:
SF:src\Domains\replies\entities\AddReply.js
FN:2,(anonymous_0)
FN:10,(anonymous_1)
FNF:2
FNH:2
FNDA:11,(anonymous_0)
FNDA:11,(anonymous_1)
DA:3,11
DA:5,7
DA:7,7
DA:11,11
DA:12,2
DA:15,9
DA:16,2
DA:21,10
LF:8
LH:8
BRDA:11,0,0,2
BRDA:11,0,1,9
BRDA:15,1,0,2
BRDA:15,1,1,7
BRF:4
BRH:4
end_of_record
TN:
SF:src\Domains\replies\entities\AddedReply.js
FN:2,(anonymous_0)
FN:12,(anonymous_1)
FNF:2
FNH:2
FNDA:8,(anonymous_0)
FNDA:8,(anonymous_1)
DA:3,8
DA:5,6
DA:7,6
DA:8,6
DA:9,6
DA:13,8
DA:14,1
DA:17,7
DA:18,1
DA:23,9
LF:10
LH:10
BRDA:13,0,0,1
BRDA:13,0,1,7
BRDA:13,1,0,8
BRDA:13,1,1,7
BRDA:13,1,2,7
BRDA:17,2,0,1
BRDA:17,2,1,6
BRDA:17,3,0,7
BRDA:17,3,1,6
BRDA:17,3,2,6
BRF:10
BRH:10
end_of_record
TN:
SF:src\Domains\replies\entities\ReplyDetail.js
FN:2,(anonymous_0)
FN:18,(anonymous_1)
FNF:2
FNH:2
FNDA:9,(anonymous_0)
FNDA:9,(anonymous_1)
DA:3,9
DA:10,7
DA:12,7
DA:13,7
DA:14,7
DA:15,7
DA:24,9
DA:25,1
DA:28,8
DA:34,1
DA:39,9
LF:11
LH:11
BRDA:24,0,0,1
BRDA:24,0,1,8
BRDA:24,1,0,9
BRDA:24,1,1,9
BRDA:24,1,2,9
BRDA:24,1,3,9
BRDA:28,2,0,1
BRDA:28,2,1,7
BRDA:29,3,0,8
BRDA:29,3,1,7
BRDA:29,3,2,7
BRDA:29,3,3,7
BRF:12
BRH:12
end_of_record
TN:
SF:src\Domains\threads\ThreadRepository.js
FN:3,(anonymous_0)
FN:7,(anonymous_1)
FN:11,(anonymous_2)
FNF:3
FNH:3
FNDA:1,(anonymous_0)
FNDA:1,(anonymous_1)
FNDA:1,(anonymous_2)
DA:4,1
DA:8,1
DA:12,1
DA:16,12
LF:4
LH:4
BRF:0
BRH:0
end_of_record
TN:
SF:src\Domains\threads\entities\AddThread.js
FN:2,(anonymous_0)
FN:11,(anonymous_1)
FNF:2
FNH:2
FNDA:11,(anonymous_0)
FNDA:11,(anonymous_1)
DA:3,11
DA:5,7
DA:7,7
DA:8,7
DA:12,11
DA:13,2
DA:16,9
DA:17,2
DA:22,10
LF:9
LH:9
BRDA:12,0,0,2
BRDA:12,0,1,9
BRDA:12,1,0,11
BRDA:12,1,1,11
BRDA:16,2,0,2
BRDA:16,2,1,7
BRDA:16,3,0,9
BRDA:16,3,1,7
BRF:8
BRH:8
end_of_record
TN:
SF:src\Domains\threads\entities\AddedThread.js
FN:2,(anonymous_0)
FN:12,(anonymous_1)
FNF:2
FNH:2
FNDA:10,(anonymous_0)
FNDA:10,(anonymous_1)
DA:3,10
DA:5,8
DA:7,8
DA:8,8
DA:9,8
DA:13,10
DA:14,1
DA:17,9
DA:18,1
DA:23,9
LF:10
LH:10
BRDA:13,0,0,1
BRDA:13,0,1,9
BRDA:13,1,0,10
BRDA:13,1,1,10
BRDA:13,1,2,10
BRDA:17,2,0,1
BRDA:17,2,1,8
BRDA:17,3,0,9
BRDA:17,3,1,8
BRDA:17,3,2,8
BRF:10
BRH:10
end_of_record
TN:
SF:src\Domains\threads\entities\ThreadDetail.js
FN:2,(anonymous_0)
FN:22,(anonymous_1)
FNF:2
FNH:2
FNDA:6,(anonymous_0)
FNDA:6,(anonymous_1)
DA:3,6
DA:12,4
DA:14,4
DA:15,4
DA:16,4
DA:17,4
DA:18,4
DA:19,4
DA:30,6
DA:31,1
DA:34,5
DA:42,1
DA:47,9
LF:13
LH:13
BRDA:30,0,0,1
BRDA:30,0,1,5
BRDA:30,1,0,6
BRDA:30,1,1,6
BRDA:30,1,2,6
BRDA:30,1,3,6
BRDA:30,1,4,6
BRDA:30,1,5,5
BRDA:34,2,0,1
BRDA:34,2,1,4
BRDA:35,3,0,5
BRDA:35,3,1,4
BRDA:35,3,2,4
BRDA:35,3,3,4
BRDA:35,3,4,4
BRDA:35,3,5,4
BRF:16
BRH:16
end_of_record
TN:
SF:src\Domains\users\UserRepository.js
FN:3,(anonymous_0)
FN:7,(anonymous_1)
FN:11,(anonymous_2)
FN:15,(anonymous_3)
FNF:4
FNH:4
FNDA:1,(anonymous_0)
FNDA:1,(anonymous_1)
FNDA:1,(anonymous_2)
FNDA:1,(anonymous_3)
DA:4,1
DA:8,1
DA:12,1
DA:16,1
DA:20,10
LF:5
LH:5
BRF:0
BRH:0
end_of_record
TN:
SF:src\Domains\users\entities\RegisterUser.js
FN:2,(anonymous_0)
FN:12,(anonymous_1)
FNF:2
FNH:2
FNDA:27,(anonymous_0)
FNDA:27,(anonymous_1)
DA:3,27
DA:5,19
DA:7,19
DA:8,19
DA:9,19
DA:13,27
DA:14,2
DA:17,25
DA:18,2
DA:21,23
DA:22,2
DA:25,21
DA:26,2
DA:31,10
LF:14
LH:14
BRDA:13,0,0,2
BRDA:13,0,1,25
BRDA:13,1,0,27
BRDA:13,1,1,26
BRDA:13,1,2,26
BRDA:17,2,0,2
BRDA:17,2,1,23
BRDA:17,3,0,25
BRDA:17,3,1,24
BRDA:17,3,2,24
BRDA:21,4,0,2
BRDA:21,4,1,21
BRDA:25,5,0,2
BRDA:25,5,1,19
BRF:14
BRH:14
end_of_record
TN:
SF:src\Domains\users\entities\RegisteredUser.js
FN:2,(anonymous_0)
FN:12,(anonymous_1)
FNF:2
FNH:2
FNDA:21,(anonymous_0)
FNDA:21,(anonymous_1)
DA:3,21
DA:5,19
DA:7,19
DA:8,19
DA:9,19
DA:13,21
DA:14,1
DA:17,20
DA:18,1
DA:23,9
LF:10
LH:10
BRDA:13,0,0,1
BRDA:13,0,1,20
BRDA:13,1,0,21
BRDA:13,1,1,20
BRDA:13,1,2,20
BRDA:17,2,0,1
BRDA:17,2,1,19
BRDA:17,3,0,20
BRDA:17,3,1,19
BRDA:17,3,2,19
BRF:10
BRH:10
end_of_record
TN:
SF:src\Domains\users\entities\UserLogin.js
FN:2,(anonymous_0)
FN:9,(anonymous_1)
FNF:2
FNH:2
FNDA:19,(anonymous_0)
FNDA:19,(anonymous_1)
DA:3,19
DA:5,15
DA:6,15
DA:10,19
DA:12,19
DA:13,2
DA:16,17
DA:17,2
DA:22,9
LF:9
LH:9
BRDA:12,0,0,2
BRDA:12,0,1,17
BRDA:12,1,0,19
BRDA:12,1,1,19
BRDA:16,2,0,2
BRDA:16,2,1,15
BRDA:16,3,0,17
BRDA:16,3,1,16
BRF:8
BRH:8
end_of_record
TN:
SF:src\Infrastructures\http\createServer.js
FN:13,(anonymous_0)
FN:33,(anonymous_1)
FN:71,(anonymous_2)
FN:76,(anonymous_3)
FNF:4
FNH:4
FNDA:46,(anonymous_0)
FNDA:11,(anonymous_1)
FNDA:1,(anonymous_2)
FNDA:71,(anonymous_3)
DA:1,7
DA:2,7
DA:3,7
DA:4,7
DA:5,7
DA:6,7
DA:7,7
DA:8,7
DA:9,7
DA:10,7
DA:11,7
DA:13,7
DA:14,46
DA:19,46
DA:25,46
DA:33,11
DA:41,46
DA:68,46
DA:71,1
DA:76,46
DA:78,71
DA:80,71
DA:82,34
DA:85,34
DA:86,32
DA:90,32
DA:91,32
DA:95,2
DA:96,1
DA:102,1
DA:106,1
DA:107,1
DA:111,37
DA:114,46
DA:117,7
LF:35
LH:35
BRDA:80,0,0,34
BRDA:80,0,1,37
BRDA:85,1,0,32
BRDA:85,1,1,2
BRDA:95,2,0,1
BRDA:95,2,1,1
BRF:6
BRH:6
end_of_record
TN:
SF:src\Infrastructures\repository\AuthenticationRepositoryPostgres.js
FN:5,(anonymous_0)
FN:10,(anonymous_1)
FN:19,(anonymous_2)
FN:32,(anonymous_3)
FNF:4
FNH:4
FNDA:9,(anonymous_0)
FNDA:12,(anonymous_1)
FNDA:6,(anonymous_2)
FNDA:2,(anonymous_3)
DA:1,7
DA:2,7
DA:6,9
DA:7,9
DA:11,12
DA:16,12
DA:20,6
DA:25,6
DA:27,6
DA:28,3
DA:33,2
DA:38,2
DA:42,7
LF:13
LH:13
BRDA:27,0,0,3
BRDA:27,0,1,3
BRF:2
BRH:2
end_of_record
TN:
SF:src\Infrastructures\repository\CommentRepositoryPostgres.js
FN:7,(anonymous_0)
FN:13,(anonymous_1)
FN:35,(anonymous_2)
FN:46,(anonymous_3)
FN:60,(anonymous_4)
FN:72,(anonymous_5)
FNF:6
FNH:6
FNDA:12,(anonymous_0)
FNDA:4,(anonymous_1)
FNDA:2,(anonymous_2)
FNDA:2,(anonymous_3)
FNDA:4,(anonymous_4)
FNDA:10,(anonymous_5)
DA:1,7
DA:2,7
DA:3,7
DA:4,7
DA:8,12
DA:9,12
DA:10,12
DA:14,4
DA:15,4
DA:16,4
DA:18,4
DA:30,4
DA:32,4
DA:36,2
DA:41,2
DA:43,2
DA:47,2
DA:49,2
DA:57,2
DA:61,4
DA:65,4
DA:66,4
DA:67,4
DA:68,2
DA:73,10
DA:77,10
DA:79,10
DA:80,2
DA:85,7
LF:29
LH:29
BRDA:67,0,0,2
BRDA:67,0,1,2
BRDA:79,1,0,2
BRDA:79,1,1,8
BRF:4
BRH:4
end_of_record
TN:
SF:src\Infrastructures\repository\LikeRepositoryPostgres.js
FN:4,(anonymous_0)
FN:10,(anonymous_1)
FN:26,(anonymous_2)
FN:38,(anonymous_3)
FN:51,(anonymous_4)
FNF:5
FNH:5
FNDA:7,(anonymous_0)
FNDA:2,(anonymous_1)
FNDA:1,(anonymous_2)
FNDA:3,(anonymous_3)
FNDA:2,(anonymous_4)
DA:1,7
DA:5,7
DA:6,7
DA:7,7
DA:11,2
DA:13,2
DA:22,2
DA:23,2
DA:27,1
DA:35,1
DA:39,3
DA:47,3
DA:48,3
DA:52,2
DA:57,2
DA:58,2
DA:62,7
LF:17
LH:17
BRDA:48,0,0,1
BRDA:48,0,1,2
BRF:2
BRH:2
end_of_record
TN:
SF:src\Infrastructures\repository\ReplyRepositoryPostgres.js
FN:7,(anonymous_0)
FN:13,(anonymous_1)
FN:35,(anonymous_2)
FN:45,(anonymous_3)
FN:59,(anonymous_4)
FN:72,(anonymous_5)
FNF:6
FNH:6
FNDA:10,(anonymous_0)
FNDA:4,(anonymous_1)
FNDA:2,(anonymous_2)
FNDA:2,(anonymous_3)
FNDA:4,(anonymous_4)
FNDA:5,(anonymous_5)
DA:1,7
DA:2,7
DA:3,7
DA:4,7
DA:8,10
DA:9,10
DA:10,10
DA:14,4
DA:15,4
DA:16,4
DA:18,4
DA:30,4
DA:32,4
DA:36,2
DA:41,2
DA:42,2
DA:46,2
DA:48,2
DA:56,2
DA:60,4
DA:64,4
DA:66,4
DA:67,4
DA:68,2
DA:73,5
DA:77,5
DA:79,5
DA:80,2
DA:85,7
LF:29
LH:29
BRDA:67,0,0,2
BRDA:67,0,1,2
BRDA:79,1,0,2
BRDA:79,1,1,3
BRF:4
BRH:4
end_of_record
TN:
SF:src\Infrastructures\repository\ThreadRepositoryPostgres.js
FN:6,(anonymous_0)
FN:12,(anonymous_1)
FN:27,(anonymous_2)
FN:37,(anonymous_3)
FNF:4
FNH:4
FNDA:9,(anonymous_0)
FNDA:4,(anonymous_1)
FNDA:2,(anonymous_2)
FNDA:12,(anonymous_3)
DA:1,7
DA:2,7
DA:3,7
DA:7,9
DA:8,9
DA:9,9
DA:13,4
DA:14,4
DA:15,4
DA:17,4
DA:22,4
DA:24,4
DA:28,2
DA:33,2
DA:34,2
DA:38,12
DA:42,12
DA:44,12
DA:45,1
DA:50,7
LF:20
LH:20
BRDA:44,0,0,1
BRDA:44,0,1,11
BRF:2
BRH:2
end_of_record
TN:
SF:src\Infrastructures\repository\UserRepositoryPostgres.js
FN:6,(anonymous_0)
FN:12,(anonymous_1)
FN:25,(anonymous_2)
FN:39,(anonymous_3)
FN:54,(anonymous_4)
FNF:5
FNH:5
FNDA:14,(anonymous_0)
FNDA:16,(anonymous_1)
FNDA:15,(anonymous_2)
FNDA:15,(anonymous_3)
FNDA:13,(anonymous_4)
DA:1,7
DA:2,7
DA:3,7
DA:7,14
DA:8,14
DA:9,14
DA:13,16
DA:18,16
DA:20,16
DA:21,2
DA:26,15
DA:27,15
DA:29,15
DA:34,15
DA:36,15
DA:40,15
DA:45,15
DA:47,15
DA:48,2
DA:51,13
DA:55,13
DA:60,13
DA:62,13
DA:63,1
DA:66,12
DA:68,12
DA:72,7
LF:27
LH:27
BRDA:20,0,0,2
BRDA:20,0,1,14
BRDA:47,1,0,2
BRDA:47,1,1,13
BRDA:62,2,0,1
BRDA:62,2,1,12
BRF:6
BRH:6
end_of_record
TN:
SF:src\Infrastructures\security\BcryptPasswordHash.js
FN:5,(anonymous_0)
FN:11,(anonymous_1)
FN:15,(anonymous_2)
FNF:3
FNH:3
FNDA:9,(anonymous_0)
FNDA:15,(anonymous_1)
FNDA:14,(anonymous_2)
DA:1,7
DA:2,7
DA:6,9
DA:7,9
DA:8,9
DA:12,15
DA:16,14
DA:18,14
DA:19,2
DA:24,7
LF:10
LH:10
BRDA:5,0,0,9
BRDA:18,1,0,2
BRDA:18,1,1,12
BRF:3
BRH:3
end_of_record
TN:
SF:src\Infrastructures\security\JwtTokenManager.js
FN:5,(anonymous_0)
FN:10,(anonymous_1)
FN:14,(anonymous_2)
FN:18,(anonymous_3)
FN:28,(anonymous_4)
FNF:5
FNH:5
FNDA:10,(anonymous_0)
FNDA:15,(anonymous_1)
FNDA:14,(anonymous_2)
FNDA:5,(anonymous_3)
FNDA:2,(anonymous_4)
DA:1,7
DA:2,7
DA:6,10
DA:7,10
DA:11,15
DA:15,14
DA:19,5
DA:20,5
DA:21,4
DA:24,2
DA:29,2
DA:30,2
DA:34,7
LF:13
LH:13
BRF:0
BRH:0
end_of_record
TN:
SF:src\Interfaces\http\api\authentications\handler.js
FN:6,(anonymous_0)
FN:14,(anonymous_1)
FN:28,(anonymous_2)
FN:41,(anonymous_3)
FNF:4
FNH:4
FNDA:46,(anonymous_0)
FNDA:15,(anonymous_1)
FNDA:5,(anonymous_2)
FNDA:4,(anonymous_3)
DA:1,7
DA:2,7
DA:3,7
DA:7,46
DA:9,46
DA:10,46
DA:11,46
DA:15,15
DA:16,15
DA:17,11
DA:24,11
DA:25,11
DA:29,5
DA:31,5
DA:33,1
DA:42,4
DA:43,4
DA:44,1
DA:50,7
LF:19
LH:19
BRF:0
BRH:0
end_of_record
TN:
SF:src\Interfaces\http\api\authentications\index.js
FN:6,(anonymous_0)
FNF:1
FNH:1
FNDA:46,(anonymous_0)
DA:1,7
DA:2,7
DA:4,7
DA:7,46
DA:8,46
LF:5
LH:5
BRF:0
BRH:0
end_of_record
TN:
SF:src\Interfaces\http\api\authentications\routes.js
FN:1,(anonymous_0)
FNF:1
FNH:1
FNDA:46,(anonymous_0)
DA:1,46
DA:19,7
LF:2
LH:2
BRF:0
BRH:0
end_of_record
TN:
SF:src\Interfaces\http\api\comments\handler.js
FN:4,(anonymous_0)
FN:11,(anonymous_1)
FN:28,(anonymous_2)
FNF:3
FNH:3
FNDA:46,(anonymous_0)
FNDA:4,(anonymous_1)
FNDA:3,(anonymous_2)
DA:1,7
DA:5,46
DA:7,46
DA:8,46
DA:12,4
DA:13,4
DA:14,4
DA:15,4
DA:17,2
DA:24,2
DA:25,2
DA:29,3
DA:30,3
DA:31,3
DA:32,3
DA:34,1
DA:40,7
LF:17
LH:17
BRF:0
BRH:0
end_of_record
TN:
SF:src\Interfaces\http\api\comments\index.js
FN:6,(anonymous_0)
FNF:1
FNH:1
FNDA:46,(anonymous_0)
DA:1,7
DA:2,7
DA:4,7
DA:7,46
DA:8,46
LF:5
LH:5
BRF:0
BRH:0
end_of_record
TN:
SF:src\Interfaces\http\api\comments\routes.js
FN:1,(anonymous_0)
FNF:1
FNH:1
FNDA:46,(anonymous_0)
DA:1,46
DA:20,7
LF:2
LH:2
BRF:0
BRH:0
end_of_record
TN:
SF:src\Interfaces\http\api\likes\handler.js
FN:4,(anonymous_0)
FN:10,(anonymous_1)
FNF:2
FNH:2
FNDA:46,(anonymous_0)
FNDA:1,(anonymous_1)
DA:1,7
DA:5,46
DA:7,46
DA:11,1
DA:12,1
DA:13,1
DA:15,1
DA:21,1
DA:27,7
LF:9
LH:9
BRF:0
BRH:0
end_of_record
TN:
SF:src\Interfaces\http\api\likes\index.js
FN:6,(anonymous_0)
FNF:1
FNH:1
FNDA:46,(anonymous_0)
DA:1,7
DA:2,7
DA:4,7
DA:7,46
DA:8,46
LF:5
LH:5
BRF:0
BRH:0
end_of_record
TN:
SF:src\Interfaces\http\api\likes\routes.js
FN:1,(anonymous_0)
FNF:1
FNH:1
FNDA:46,(anonymous_0)
DA:1,46
DA:12,7
LF:2
LH:2
BRF:0
BRH:0
end_of_record
TN:
SF:src\Interfaces\http\api\replies\handler.js
FN:4,(anonymous_0)
FN:11,(anonymous_1)
FN:33,(anonymous_2)
FNF:3
FNH:3
FNDA:46,(anonymous_0)
FNDA:4,(anonymous_1)
FNDA:3,(anonymous_2)
DA:1,7
DA:5,46
DA:7,46
DA:8,46
DA:12,4
DA:13,4
DA:14,4
DA:15,4
DA:22,2
DA:29,2
DA:30,2
DA:34,3
DA:35,3
DA:36,3
DA:37,3
DA:39,1
DA:45,7
LF:17
LH:17
BRF:0
BRH:0
end_of_record
TN:
SF:src\Interfaces\http\api\replies\index.js
FN:6,(anonymous_0)
FNF:1
FNH:1
FNDA:46,(anonymous_0)
DA:1,7
DA:2,7
DA:4,7
DA:7,46
DA:8,46
LF:5
LH:5
BRF:0
BRH:0
end_of_record
TN:
SF:src\Interfaces\http\api\replies\routes.js
FN:1,(anonymous_0)
FNF:1
FNH:1
FNDA:46,(anonymous_0)
DA:1,46
DA:20,7
LF:2
LH:2
BRF:0
BRH:0
end_of_record
TN:
SF:src\Interfaces\http\api\threads\handler.js
FN:4,(anonymous_0)
FN:11,(anonymous_1)
FN:27,(anonymous_2)
FNF:3
FNH:3
FNDA:46,(anonymous_0)
FNDA:4,(anonymous_1)
FNDA:1,(anonymous_2)
DA:1,7
DA:5,46
DA:7,46
DA:8,46
DA:12,4
DA:13,4
DA:14,4
DA:16,2
DA:23,2
DA:24,2
DA:28,1
DA:29,1
DA:31,1
DA:33,1
DA:42,7
LF:15
LH:15
BRF:0
BRH:0
end_of_record
TN:
SF:src\Interfaces\http\api\threads\index.js
FN:6,(anonymous_0)
FNF:1
FNH:1
FNDA:46,(anonymous_0)
DA:1,7
DA:2,7
DA:4,7
DA:7,46
DA:8,46
LF:5
LH:5
BRF:0
BRH:0
end_of_record
TN:
SF:src\Interfaces\http\api\threads\routes.js
FN:1,(anonymous_0)
FNF:1
FNH:1
FNDA:46,(anonymous_0)
DA:1,46
DA:17,7
LF:2
LH:2
BRF:0
BRH:0
end_of_record
TN:
SF:src\Interfaces\http\api\users\handler.js
FN:4,(anonymous_0)
FN:10,(anonymous_1)
FNF:2
FNH:2
FNDA:46,(anonymous_0)
FNDA:19,(anonymous_1)
DA:1,7
DA:5,46
DA:7,46
DA:11,19
DA:12,18
DA:14,13
DA:20,13
DA:21,13
DA:25,7
LF:9
LH:9
BRF:0
BRH:0
end_of_record
TN:
SF:src\Interfaces\http\api\users\index.js
FN:6,(anonymous_0)
FNF:1
FNH:1
FNDA:46,(anonymous_0)
DA:1,7
DA:2,7
DA:4,7
DA:7,46
DA:8,46
LF:5
LH:5
BRF:0
BRH:0
end_of_record
TN:
SF:src\Interfaces\http\api\users\routes.js
FN:1,(anonymous_0)
FNF:1
FNH:1
FNDA:46,(anonymous_0)
DA:1,46
DA:9,7
LF:2
LH:2
BRF:0
BRH:0
end_of_record
